<?xml version="1.0" encoding="UTF-8"?>
<!-- Generated by org.testng.reporters.JUnitXMLReporter -->
<testsuite ignored="0" hostname="GOWRISANKAR" failures="1" tests="1" name="Default test" time="12.595" errors="0" timestamp="2025-04-29T23:14:13 IST">
  <testcase classname="io.cucumber.testng.AbstractTestNGCucumberTests" name="runScenario" time="10.847">
    <failure type="java.lang.AssertionError" message="No files found in the download directory">
      <![CDATA[java.lang.AssertionError: No files found in the download directory
at com.actions.TransactionReportDownloadAction.verifyPdfDownload(TransactionReportDownloadAction.java:77)
at com.definitions.TransactionReportDownloadDefinition.the_pdf_file_should_be_downloaded_to_the_specified_path(TransactionReportDownloadDefinition.java:70)
at ✽.the PDF file should be downloaded to the specified path(file:///D:/eclipse1/Smart_Hospital_Cucumber/SmartHospitals_Cucumber/src/test/resources/Features/transactionReportDownlode.feature:14)
]]>
    </failure>
  </testcase> <!-- runScenario -->
</testsuite> <!-- Default test -->
