<?xml version="1.0" encoding="UTF-8"?>
<!-- Generated by org.testng.reporters.JUnitXMLReporter -->
<testsuite ignored="0" hostname="GOWRISANKAR" failures="1" tests="2" name="Default test" time="17.881" errors="0" timestamp="2025-04-15T15:42:25 IST">
  <testcase classname="io.cucumber.testng.AbstractTestNGCucumberTests" name="runScenario" time="15.509">
    <failure type="java.lang.NullPointerException" message="Cannot invoke &amp;quot;com.pages.AccountantPage.isErrorNotificationDisplayed()&amp;quot; because &amp;quot;this.accountantPage&amp;quot; is null">
      <![CDATA[java.lang.NullPointerException: Cannot invoke "com.pages.AccountantPage.isErrorNotificationDisplayed()" because "this.accountantPage" is null
at com.definitions.AccountantDefinition.verifyErrorNotification(AccountantDefinition.java:66)
at ✽.need to see the asseart the error notifications(file:///D:/eclipse/Smart_Hospital_Cucumber1/SmartHospitals_Cucumber/src/test/resources/Features/AccountantFeature.feature:23)
]]>
    </failure>
  </testcase> <!-- runScenario -->
  <testcase classname="io.cucumber.testng.AbstractTestNGCucumberTests" name="runScenario" time="16.965"/>
</testsuite> <!-- Default test -->
