<?xml version="1.0" encoding="UTF-8"?>
<!-- Generated by org.testng.reporters.JUnitXMLReporter -->
<testsuite ignored="0" hostname="Gayathri" failures="5" tests="11" name="Default test" time="60.341" errors="0" timestamp="2025-04-13T11:30:52 IST">
  <testcase classname="io.cucumber.testng.AbstractTestNGCucumberTests" name="runScenario" time="28.628"/>
  <testcase classname="io.cucumber.testng.AbstractTestNGCucumberTests" name="runScenario" time="44.738">
    <failure type="java.lang.AssertionError" message="expected [] but found [Add Prescription]">
      <![CDATA[java.lang.AssertionError: expected [] but found [Add Prescription]
at org.testng.Assert.fail(Assert.java:111)
at org.testng.Assert.failNotEquals(Assert.java:1590)
at org.testng.Assert.assertEqualsImpl(Assert.java:150)
at org.testng.Assert.assertEquals(Assert.java:132)
at org.testng.Assert.assertEquals(Assert.java:656)
at org.testng.Assert.assertEquals(Assert.java:666)
at com.actions.PrescriptionActions.assertPP(PrescriptionActions.java:59)
at com.definitions.PrescriptionDefinition.the_doctor_should_navigate_to_the_prescription_page(PrescriptionDefinition.java:23)
at ✽.the doctor should navigate to the Prescription Page(file:///C:/Users/gayat/git/Smart_Hospital_Cucumber/SmartHospitals_Cucumber/src/test/resources/Features/PrescriptionFeature.feature:6)
]]>
    </failure>
  </testcase> <!-- runScenario -->
  <testcase classname="io.cucumber.testng.AbstractTestNGCucumberTests" name="runScenario" time="44.738">
    <failure type="java.lang.AssertionError" message="expected [] but found [Add Prescription]">
      <![CDATA[java.lang.AssertionError: expected [] but found [Add Prescription]
at org.testng.Assert.fail(Assert.java:111)
at org.testng.Assert.failNotEquals(Assert.java:1590)
at org.testng.Assert.assertEqualsImpl(Assert.java:150)
at org.testng.Assert.assertEquals(Assert.java:132)
at org.testng.Assert.assertEquals(Assert.java:656)
at org.testng.Assert.assertEquals(Assert.java:666)
at com.actions.PrescriptionActions.assertPP(PrescriptionActions.java:59)
at com.definitions.PrescriptionDefinition.the_doctor_should_navigate_to_the_prescription_page(PrescriptionDefinition.java:23)
at ✽.the doctor should navigate to the Prescription Page(file:///C:/Users/gayat/git/Smart_Hospital_Cucumber/SmartHospitals_Cucumber/src/test/resources/Features/PrescriptionFeature.feature:6)
]]>
    </failure>
  </testcase> <!-- runScenario -->
  <testcase classname="io.cucumber.testng.AbstractTestNGCucumberTests" name="runScenario" time="44.738">
    <failure type="java.lang.AssertionError" message="expected [] but found [Add Prescription]">
      <![CDATA[java.lang.AssertionError: expected [] but found [Add Prescription]
at org.testng.Assert.fail(Assert.java:111)
at org.testng.Assert.failNotEquals(Assert.java:1590)
at org.testng.Assert.assertEqualsImpl(Assert.java:150)
at org.testng.Assert.assertEquals(Assert.java:132)
at org.testng.Assert.assertEquals(Assert.java:656)
at org.testng.Assert.assertEquals(Assert.java:666)
at com.actions.PrescriptionActions.assertPP(PrescriptionActions.java:59)
at com.definitions.PrescriptionDefinition.the_doctor_should_navigate_to_the_prescription_page(PrescriptionDefinition.java:23)
at ✽.the doctor should navigate to the Prescription Page(file:///C:/Users/gayat/git/Smart_Hospital_Cucumber/SmartHospitals_Cucumber/src/test/resources/Features/PrescriptionFeature.feature:6)
]]>
    </failure>
  </testcase> <!-- runScenario -->
  <testcase classname="io.cucumber.testng.AbstractTestNGCucumberTests" name="runScenario" time="44.738">
    <failure type="java.lang.AssertionError" message="expected [] but found [Add Prescription]">
      <![CDATA[java.lang.AssertionError: expected [] but found [Add Prescription]
at org.testng.Assert.fail(Assert.java:111)
at org.testng.Assert.failNotEquals(Assert.java:1590)
at org.testng.Assert.assertEqualsImpl(Assert.java:150)
at org.testng.Assert.assertEquals(Assert.java:132)
at org.testng.Assert.assertEquals(Assert.java:656)
at org.testng.Assert.assertEquals(Assert.java:666)
at com.actions.PrescriptionActions.assertPP(PrescriptionActions.java:59)
at com.definitions.PrescriptionDefinition.the_doctor_should_navigate_to_the_prescription_page(PrescriptionDefinition.java:23)
at ✽.the doctor should navigate to the Prescription Page(file:///C:/Users/gayat/git/Smart_Hospital_Cucumber/SmartHospitals_Cucumber/src/test/resources/Features/PrescriptionFeature.feature:6)
]]>
    </failure>
  </testcase> <!-- runScenario -->
  <testcase classname="io.cucumber.testng.AbstractTestNGCucumberTests" name="runScenario" time="46.313"/>
  <testcase classname="io.cucumber.testng.AbstractTestNGCucumberTests" name="runScenario" time="46.313"/>
  <testcase classname="io.cucumber.testng.AbstractTestNGCucumberTests" name="runScenario" time="46.696"/>
  <testcase classname="io.cucumber.testng.AbstractTestNGCucumberTests" name="runScenario" time="51.267"/>
  <testcase classname="io.cucumber.testng.AbstractTestNGCucumberTests" name="runScenario" time="52.271"/>
  <testcase classname="io.cucumber.testng.AbstractTestNGCucumberTests" name="runScenario" time="31.103">
    <failure type="java.lang.IllegalArgumentException" message="Keys to send should be a not null CharSequence">
      <![CDATA[java.lang.IllegalArgumentException: Keys to send should be a not null CharSequence
at org.openqa.selenium.remote.RemoteWebElement.sendKeys(RemoteWebElement.java:96)
at java.base/jdk.internal.reflect.DirectMethodHandleAccessor.invoke(DirectMethodHandleAccessor.java:103)
at java.base/java.lang.reflect.Method.invoke(Method.java:580)
at org.openqa.selenium.support.pagefactory.internal.LocatingElementHandler.invoke(LocatingElementHandler.java:51)
at jdk.proxy2/jdk.proxy2.$Proxy40.sendKeys(Unknown Source)
at com.actions.PrescriptionActions.sendKeysMethod(PrescriptionActions.java:70)
at com.actions.PrescriptionActions.selectMedicine(PrescriptionActions.java:35)
at com.definitions.PrescriptionDefinition.the_doctor_fills_the_prescription_form_with(PrescriptionDefinition.java:48)
at ✽.the doctor fills the prescription form with:(file:///C:/Users/gayat/git/Smart_Hospital_Cucumber/SmartHospitals_Cucumber/src/test/resources/Features/PrescriptionFeature.feature:18)
]]>
    </failure>
  </testcase> <!-- runScenario -->
</testsuite> <!-- Default test -->
