<?xml version="1.0" encoding="UTF-8"?>
<testng-results ignored="0" total="18" passed="17" failed="1" skipped="0">
  <reporter-output>
  </reporter-output>
  <suite started-at="2025-05-02T14:58:45 IST" name="Suite" finished-at="2025-05-02T15:00:25 IST" duration-ms="99198">
    <groups>
      <group name="cucumber">
        <method signature="AbstractTestNGCucumberTests.runScenario(io.cucumber.testng.PickleWrapper,io.cucumber.testng.FeatureWrapper)[pri:0, instance:com.runner.RunnerClass@306cf3ea]" name="runScenario" class="io.cucumber.testng.AbstractTestNGCucumberTests"/>
      </group> <!-- cucumber -->
    </groups>
    <test started-at="2025-05-02T14:58:45 IST" name="Test" finished-at="2025-05-02T15:00:25 IST" duration-ms="99198">
      <class name="com.runner.RunnerClass">
        <test-method is-config="true" signature="setUpClass(org.testng.ITestContext)[pri:0, instance:com.runner.RunnerClass@306cf3ea]" started-at="2025-05-02T14:58:45 IST" name="setUpClass" finished-at="2025-05-02T14:58:46 IST" duration-ms="1049" status="PASS">
          <params>
            <param index="0">
              <value>
                <![CDATA[org.testng.TestRunner@14168e1]]>
              </value>
            </param>
          </params>
          <reporter-output>
          </reporter-output>
        </test-method> <!-- setUpClass -->
        <test-method signature="runScenario(io.cucumber.testng.PickleWrapper,io.cucumber.testng.FeatureWrapper)[pri:0, instance:com.runner.RunnerClass@306cf3ea]" started-at="2025-05-02T14:58:46 IST" name="runScenario" description="Runs Cucumber Scenarios" data-provider="scenarios" finished-at="2025-05-02T15:00:10 IST" duration-ms="83485" status="PASS">
          <params>
            <param index="0">
              <value>
                <![CDATA["Doctor tries to create an appointment with an expired time slot"]]>
              </value>
            </param>
            <param index="1">
              <value>
                <![CDATA["Gayathri_09APR2025_Manage Appointments in Smart Hospital"]]>
              </value>
            </param>
          </params>
          <reporter-output>
          </reporter-output>
        </test-method> <!-- runScenario -->
        <test-method signature="runScenario(io.cucumber.testng.PickleWrapper,io.cucumber.testng.FeatureWrapper)[pri:0, instance:com.runner.RunnerClass@306cf3ea]" started-at="2025-05-02T14:58:46 IST" name="runScenario" description="Runs Cucumber Scenarios" data-provider="scenarios" finished-at="2025-05-02T14:59:48 IST" duration-ms="61799" status="PASS">
          <params>
            <param index="0">
              <value>
                <![CDATA["Doctor tries to submit prescription with missing fields"]]>
              </value>
            </param>
            <param index="1">
              <value>
                <![CDATA["Gayathri_13APR2025_Doctor add Prescription for the Feature in Smart Hospital"]]>
              </value>
            </param>
          </params>
          <reporter-output>
          </reporter-output>
        </test-method> <!-- runScenario -->
        <test-method signature="runScenario(io.cucumber.testng.PickleWrapper,io.cucumber.testng.FeatureWrapper)[pri:0, instance:com.runner.RunnerClass@306cf3ea]" started-at="2025-05-02T14:58:46 IST" name="runScenario" description="Runs Cucumber Scenarios" data-provider="scenarios" finished-at="2025-05-02T15:00:05 IST" duration-ms="78297" status="PASS">
          <params>
            <param index="0">
              <value>
                <![CDATA["Doctor creates a new appointment for a new patient"]]>
              </value>
            </param>
            <param index="1">
              <value>
                <![CDATA["Gayathri_09APR2025_Manage Appointments in Smart Hospital"]]>
              </value>
            </param>
          </params>
          <reporter-output>
          </reporter-output>
        </test-method> <!-- runScenario -->
        <test-method signature="runScenario(io.cucumber.testng.PickleWrapper,io.cucumber.testng.FeatureWrapper)[pri:0, instance:com.runner.RunnerClass@306cf3ea]" started-at="2025-05-02T14:58:46 IST" name="runScenario" description="Runs Cucumber Scenarios" data-provider="scenarios" finished-at="2025-05-02T14:59:48 IST" duration-ms="61975" status="PASS">
          <params>
            <param index="0">
              <value>
                <![CDATA["Add message in notice board in messaging section."]]>
              </value>
            </param>
            <param index="1">
              <value>
                <![CDATA["Gayathri_28APR2025_Messaging Feature Verification in Smart Hospital"]]>
              </value>
            </param>
          </params>
          <reporter-output>
          </reporter-output>
        </test-method> <!-- runScenario -->
        <test-method signature="runScenario(io.cucumber.testng.PickleWrapper,io.cucumber.testng.FeatureWrapper)[pri:0, instance:com.runner.RunnerClass@306cf3ea]" started-at="2025-05-02T14:58:46 IST" name="runScenario" description="Runs Cucumber Scenarios" data-provider="scenarios" finished-at="2025-05-02T14:59:49 IST" duration-ms="62741" status="PASS">
          <params>
            <param index="0">
              <value>
                <![CDATA["Doctor tries to submit prescription with missing fields"]]>
              </value>
            </param>
            <param index="1">
              <value>
                <![CDATA["Gayathri_13APR2025_Doctor add Prescription for the Feature in Smart Hospital"]]>
              </value>
            </param>
          </params>
          <reporter-output>
          </reporter-output>
        </test-method> <!-- runScenario -->
        <test-method signature="runScenario(io.cucumber.testng.PickleWrapper,io.cucumber.testng.FeatureWrapper)[pri:0, instance:com.runner.RunnerClass@306cf3ea]" started-at="2025-05-02T14:58:46 IST" name="runScenario" description="Runs Cucumber Scenarios" data-provider="scenarios" finished-at="2025-05-02T14:59:50 IST" duration-ms="63836" status="PASS">
          <params>
            <param index="0">
              <value>
                <![CDATA["Doctor tries to add a new patient without entering the name"]]>
              </value>
            </param>
            <param index="1">
              <value>
                <![CDATA["Gayathri_09APR2025_Manage Appointments in Smart Hospital"]]>
              </value>
            </param>
          </params>
          <reporter-output>
          </reporter-output>
        </test-method> <!-- runScenario -->
        <test-method signature="runScenario(io.cucumber.testng.PickleWrapper,io.cucumber.testng.FeatureWrapper)[pri:0, instance:com.runner.RunnerClass@306cf3ea]" started-at="2025-05-02T14:58:46 IST" name="runScenario" description="Runs Cucumber Scenarios" data-provider="scenarios" finished-at="2025-05-02T15:00:02 IST" duration-ms="75753" status="PASS">
          <params>
            <param index="0">
              <value>
                <![CDATA["Verify the doctor can delete the notice board Message"]]>
              </value>
            </param>
            <param index="1">
              <value>
                <![CDATA["Gayathri_28APR2025_Messaging Feature Verification in Smart Hospital"]]>
              </value>
            </param>
          </params>
          <reporter-output>
          </reporter-output>
        </test-method> <!-- runScenario -->
        <test-method signature="runScenario(io.cucumber.testng.PickleWrapper,io.cucumber.testng.FeatureWrapper)[pri:0, instance:com.runner.RunnerClass@306cf3ea]" started-at="2025-05-02T14:58:46 IST" name="runScenario" description="Runs Cucumber Scenarios" data-provider="scenarios" finished-at="2025-05-02T15:00:02 IST" duration-ms="75886" status="PASS">
          <params>
            <param index="0">
              <value>
                <![CDATA["Doctor tries to add a new patient without entering the day"]]>
              </value>
            </param>
            <param index="1">
              <value>
                <![CDATA["Gayathri_09APR2025_Manage Appointments in Smart Hospital"]]>
              </value>
            </param>
          </params>
          <reporter-output>
          </reporter-output>
        </test-method> <!-- runScenario -->
        <test-method signature="runScenario(io.cucumber.testng.PickleWrapper,io.cucumber.testng.FeatureWrapper)[pri:0, instance:com.runner.RunnerClass@306cf3ea]" started-at="2025-05-02T14:58:46 IST" name="runScenario" description="Runs Cucumber Scenarios" data-provider="scenarios" finished-at="2025-05-02T14:59:50 IST" duration-ms="63688" status="PASS">
          <params>
            <param index="0">
              <value>
                <![CDATA["Doctor tries to add a new patient without entering the Month"]]>
              </value>
            </param>
            <param index="1">
              <value>
                <![CDATA["Gayathri_09APR2025_Manage Appointments in Smart Hospital"]]>
              </value>
            </param>
          </params>
          <reporter-output>
          </reporter-output>
        </test-method> <!-- runScenario -->
        <test-method signature="runScenario(io.cucumber.testng.PickleWrapper,io.cucumber.testng.FeatureWrapper)[pri:0, instance:com.runner.RunnerClass@306cf3ea]" started-at="2025-05-02T14:58:46 IST" name="runScenario" description="Runs Cucumber Scenarios" data-provider="scenarios" finished-at="2025-05-02T14:59:50 IST" duration-ms="63807" status="PASS">
          <params>
            <param index="0">
              <value>
                <![CDATA["Doctor tries to add a new patient without entering the year"]]>
              </value>
            </param>
            <param index="1">
              <value>
                <![CDATA["Gayathri_09APR2025_Manage Appointments in Smart Hospital"]]>
              </value>
            </param>
          </params>
          <reporter-output>
          </reporter-output>
        </test-method> <!-- runScenario -->
        <test-method signature="runScenario(io.cucumber.testng.PickleWrapper,io.cucumber.testng.FeatureWrapper)[pri:0, instance:com.runner.RunnerClass@306cf3ea]" started-at="2025-05-02T14:59:48 IST" name="runScenario" description="Runs Cucumber Scenarios" data-provider="scenarios" finished-at="2025-05-02T15:00:16 IST" duration-ms="27201" status="PASS">
          <params>
            <param index="0">
              <value>
                <![CDATA["Doctor tries to submit prescription with missing fields"]]>
              </value>
            </param>
            <param index="1">
              <value>
                <![CDATA["Gayathri_13APR2025_Doctor add Prescription for the Feature in Smart Hospital"]]>
              </value>
            </param>
          </params>
          <reporter-output>
          </reporter-output>
        </test-method> <!-- runScenario -->
        <test-method signature="runScenario(io.cucumber.testng.PickleWrapper,io.cucumber.testng.FeatureWrapper)[pri:0, instance:com.runner.RunnerClass@306cf3ea]" started-at="2025-05-02T14:59:48 IST" name="runScenario" description="Runs Cucumber Scenarios" data-provider="scenarios" finished-at="2025-05-02T15:00:17 IST" duration-ms="28276" status="PASS">
          <params>
            <param index="0">
              <value>
                <![CDATA["verify the prescription feature by providing valid informations"]]>
              </value>
            </param>
            <param index="1">
              <value>
                <![CDATA["Gayathri_13APR2025_Doctor add Prescription for the Feature in Smart Hospital"]]>
              </value>
            </param>
          </params>
          <reporter-output>
          </reporter-output>
        </test-method> <!-- runScenario -->
        <test-method signature="runScenario(io.cucumber.testng.PickleWrapper,io.cucumber.testng.FeatureWrapper)[pri:0, instance:com.runner.RunnerClass@306cf3ea]" started-at="2025-05-02T14:59:49 IST" name="runScenario" description="Runs Cucumber Scenarios" data-provider="scenarios" finished-at="2025-05-02T15:00:17 IST" duration-ms="27833" status="PASS">
          <params>
            <param index="0">
              <value>
                <![CDATA["Verify the added prescription is visible in the OPD section"]]>
              </value>
            </param>
            <param index="1">
              <value>
                <![CDATA["Gayathri_13APR2025_Doctor add Prescription for the Feature in Smart Hospital"]]>
              </value>
            </param>
          </params>
          <reporter-output>
          </reporter-output>
        </test-method> <!-- runScenario -->
        <test-method signature="runScenario(io.cucumber.testng.PickleWrapper,io.cucumber.testng.FeatureWrapper)[pri:0, instance:com.runner.RunnerClass@306cf3ea]" started-at="2025-05-02T14:59:50 IST" name="runScenario" description="Runs Cucumber Scenarios" data-provider="scenarios" finished-at="2025-05-02T15:00:14 IST" duration-ms="23719" status="PASS">
          <params>
            <param index="0">
              <value>
                <![CDATA["Verify the Manual prescription is accessible"]]>
              </value>
            </param>
            <param index="1">
              <value>
                <![CDATA["Gayathri_13APR2025_Doctor add Prescription for the Feature in Smart Hospital"]]>
              </value>
            </param>
          </params>
          <reporter-output>
          </reporter-output>
        </test-method> <!-- runScenario -->
        <test-method signature="runScenario(io.cucumber.testng.PickleWrapper,io.cucumber.testng.FeatureWrapper)[pri:0, instance:com.runner.RunnerClass@306cf3ea]" started-at="2025-05-02T14:59:50 IST" name="runScenario" description="Runs Cucumber Scenarios" data-provider="scenarios" finished-at="2025-05-02T15:00:14 IST" duration-ms="23995" status="FAIL">
          <params>
            <param index="0">
              <value>
                <![CDATA["Verify the added patient can be deleted in OPD section"]]>
              </value>
            </param>
            <param index="1">
              <value>
                <![CDATA["Gayathri_13APR2025_Doctor add Prescription for the Feature in Smart Hospital"]]>
              </value>
            </param>
          </params>
          <exception class="io.cucumber.testng.UndefinedStepException">
            <message>
              <![CDATA[The step 'the doctor Clicks the Show option in OPD section' is undefined.
You can implement this step using the snippet(s) below:

@When("the doctor Clicks the Show option in OPD section")
public void the_doctor_clicks_the_show_option_in_opd_section() {
    // Write code here that turns the phrase above into concrete actions
    throw new io.cucumber.java.PendingException();
}
]]>
            </message>
            <full-stacktrace>
              <![CDATA[io.cucumber.testng.UndefinedStepException: The step 'the doctor Clicks the Show option in OPD section' is undefined.
You can implement this step using the snippet(s) below:

@When("the doctor Clicks the Show option in OPD section")
public void the_doctor_clicks_the_show_option_in_opd_section() {
    // Write code here that turns the phrase above into concrete actions
    throw new io.cucumber.java.PendingException();
}

at io.cucumber.core.runtime.TestCaseResultObserver.assertTestCasePassed(TestCaseResultObserver.java:69)
at io.cucumber.testng.TestCaseResultObserver.assertTestCasePassed(TestCaseResultObserver.java:23)
at io.cucumber.testng.TestNGCucumberRunner.lambda$runScenario$1(TestNGCucumberRunner.java:136)
at io.cucumber.core.runtime.CucumberExecutionContext.lambda$runTestCase$5(CucumberExecutionContext.java:136)
at io.cucumber.core.runtime.RethrowingThrowableCollector.executeAndThrow(RethrowingThrowableCollector.java:23)
at io.cucumber.core.runtime.CucumberExecutionContext.runTestCase(CucumberExecutionContext.java:136)
at io.cucumber.testng.TestNGCucumberRunner.runScenario(TestNGCucumberRunner.java:132)
at io.cucumber.testng.AbstractTestNGCucumberTests.runScenario(AbstractTestNGCucumberTests.java:35)
at java.base/jdk.internal.reflect.DirectMethodHandleAccessor.invoke(DirectMethodHandleAccessor.java:103)
at java.base/java.lang.reflect.Method.invoke(Method.java:580)
at org.testng.internal.invokers.MethodInvocationHelper.invokeMethod(MethodInvocationHelper.java:141)
at org.testng.internal.invokers.TestInvoker.invokeMethod(TestInvoker.java:687)
at org.testng.internal.invokers.TestInvoker.invokeTestMethod(TestInvoker.java:230)
at org.testng.internal.invokers.TestMethodWithDataProviderMethodWorker.call(TestMethodWithDataProviderMethodWorker.java:81)
at org.testng.internal.thread.Async$AsyncTask.run(Async.java:34)
at java.base/java.util.concurrent.ThreadPoolExecutor.runWorker(ThreadPoolExecutor.java:1144)
at java.base/java.util.concurrent.ThreadPoolExecutor$Worker.run(ThreadPoolExecutor.java:642)
at java.base/java.lang.Thread.run(Thread.java:1583)
]]>
            </full-stacktrace>
          </exception> <!-- io.cucumber.testng.UndefinedStepException -->
          <reporter-output>
          </reporter-output>
        </test-method> <!-- runScenario -->
        <test-method signature="runScenario(io.cucumber.testng.PickleWrapper,io.cucumber.testng.FeatureWrapper)[pri:0, instance:com.runner.RunnerClass@306cf3ea]" started-at="2025-05-02T14:59:50 IST" name="runScenario" description="Runs Cucumber Scenarios" data-provider="scenarios" finished-at="2025-05-02T15:00:14 IST" duration-ms="23989" status="PASS">
          <params>
            <param index="0">
              <value>
                <![CDATA["Verify the Search of patient"]]>
              </value>
            </param>
            <param index="1">
              <value>
                <![CDATA["Gayathri_09APR2025_Search Patient by Name In Smart Hospital"]]>
              </value>
            </param>
          </params>
          <reporter-output>
          </reporter-output>
        </test-method> <!-- runScenario -->
        <test-method signature="runScenario(io.cucumber.testng.PickleWrapper,io.cucumber.testng.FeatureWrapper)[pri:0, instance:com.runner.RunnerClass@306cf3ea]" started-at="2025-05-02T15:00:02 IST" name="runScenario" description="Runs Cucumber Scenarios" data-provider="scenarios" finished-at="2025-05-02T15:00:19 IST" duration-ms="17195" status="PASS">
          <params>
            <param index="0">
              <value>
                <![CDATA["Verify the Search of patient"]]>
              </value>
            </param>
            <param index="1">
              <value>
                <![CDATA["Gayathri_09APR2025_Search Patient by Name In Smart Hospital"]]>
              </value>
            </param>
          </params>
          <reporter-output>
          </reporter-output>
        </test-method> <!-- runScenario -->
        <test-method signature="runScenario(io.cucumber.testng.PickleWrapper,io.cucumber.testng.FeatureWrapper)[pri:0, instance:com.runner.RunnerClass@306cf3ea]" started-at="2025-05-02T15:00:02 IST" name="runScenario" description="Runs Cucumber Scenarios" data-provider="scenarios" finished-at="2025-05-02T15:00:17 IST" duration-ms="14774" status="PASS">
          <params>
            <param index="0">
              <value>
                <![CDATA["Verify that a searched patient can be deleted"]]>
              </value>
            </param>
            <param index="1">
              <value>
                <![CDATA["Gayathri_09APR2025_Search Patient by Name In Smart Hospital"]]>
              </value>
            </param>
          </params>
          <reporter-output>
          </reporter-output>
        </test-method> <!-- runScenario -->
        <test-method is-config="true" signature="tearDownClass()[pri:0, instance:com.runner.RunnerClass@306cf3ea]" started-at="2025-05-02T15:00:19 IST" name="tearDownClass" finished-at="2025-05-02T15:00:25 IST" duration-ms="5128" status="PASS">
          <reporter-output>
          </reporter-output>
        </test-method> <!-- tearDownClass -->
      </class> <!-- com.runner.RunnerClass -->
    </test> <!-- Test -->
  </suite> <!-- Suite -->
</testng-results>
