<?xml version="1.0" encoding="UTF-8"?>
<testng-results ignored="0" total="22" passed="22" failed="0" skipped="0">
  <reporter-output>
  </reporter-output>
  <suite started-at="2025-04-12T15:07:01 IST" name="Default suite" finished-at="2025-04-12T15:08:37 IST" duration-ms="95490">
    <groups>
      <group name="cucumber">
        <method signature="AbstractTestNGCucumberTests.runScenario(io.cucumber.testng.PickleWrapper,io.cucumber.testng.FeatureWrapper)[pri:0, instance:com.runner.RunnerClass@1bb266b3]" name="runScenario" class="io.cucumber.testng.AbstractTestNGCucumberTests"/>
      </group> <!-- cucumber -->
    </groups>
    <test started-at="2025-04-12T15:07:01 IST" name="Default test" finished-at="2025-04-12T15:08:37 IST" duration-ms="95490">
      <class name="com.runner.RunnerClass">
        <test-method is-config="true" signature="setUpClass(org.testng.ITestContext)[pri:0, instance:com.runner.RunnerClass@1bb266b3]" started-at="2025-04-12T15:07:01 IST" name="setUpClass" finished-at="2025-04-12T15:07:02 IST" duration-ms="479" status="PASS">
          <params>
            <param index="0">
              <value>
                <![CDATA[org.testng.TestRunner@6970140a]]>
              </value>
            </param>
          </params>
          <reporter-output>
          </reporter-output>
        </test-method> <!-- setUpClass -->
        <test-method signature="runScenario(io.cucumber.testng.PickleWrapper,io.cucumber.testng.FeatureWrapper)[pri:0, instance:com.runner.RunnerClass@1bb266b3]" started-at="2025-04-12T15:07:02 IST" name="runScenario" description="Runs Cucumber Scenarios" data-provider="scenarios" finished-at="2025-04-12T15:08:02 IST" duration-ms="60850" status="PASS">
          <params>
            <param index="0">
              <value>
                <![CDATA["Doctor tries to add a new patient without entering the day"]]>
              </value>
            </param>
            <param index="1">
              <value>
                <![CDATA["Manage Appointments in Smart Hospital"]]>
              </value>
            </param>
          </params>
          <reporter-output>
          </reporter-output>
        </test-method> <!-- runScenario -->
        <test-method signature="runScenario(io.cucumber.testng.PickleWrapper,io.cucumber.testng.FeatureWrapper)[pri:0, instance:com.runner.RunnerClass@1bb266b3]" started-at="2025-04-12T15:07:02 IST" name="runScenario" description="Runs Cucumber Scenarios" data-provider="scenarios" finished-at="2025-04-12T15:08:37 IST" duration-ms="94926" status="PASS">
          <params>
            <param index="0">
              <value>
                <![CDATA["Doctor tries to add a new patient without entering the year"]]>
              </value>
            </param>
            <param index="1">
              <value>
                <![CDATA["Manage Appointments in Smart Hospital"]]>
              </value>
            </param>
          </params>
          <reporter-output>
          </reporter-output>
        </test-method> <!-- runScenario -->
        <test-method signature="runScenario(io.cucumber.testng.PickleWrapper,io.cucumber.testng.FeatureWrapper)[pri:0, instance:com.runner.RunnerClass@1bb266b3]" started-at="2025-04-12T15:07:02 IST" name="runScenario" description="Runs Cucumber Scenarios" data-provider="scenarios" finished-at="2025-04-12T15:08:12 IST" duration-ms="70343" status="PASS">
          <params>
            <param index="0">
              <value>
                <![CDATA["Doctor creates a new appointment for a new patient"]]>
              </value>
            </param>
            <param index="1">
              <value>
                <![CDATA["Manage Appointments in Smart Hospital"]]>
              </value>
            </param>
          </params>
          <reporter-output>
          </reporter-output>
        </test-method> <!-- runScenario -->
        <test-method signature="runScenario(io.cucumber.testng.PickleWrapper,io.cucumber.testng.FeatureWrapper)[pri:0, instance:com.runner.RunnerClass@1bb266b3]" started-at="2025-04-12T15:07:02 IST" name="runScenario" description="Runs Cucumber Scenarios" data-provider="scenarios" finished-at="2025-04-12T15:08:12 IST" duration-ms="70405" status="PASS">
          <params>
            <param index="0">
              <value>
                <![CDATA["Doctor tries to create an appointment with an expired time slot"]]>
              </value>
            </param>
            <param index="1">
              <value>
                <![CDATA["Manage Appointments in Smart Hospital"]]>
              </value>
            </param>
          </params>
          <reporter-output>
          </reporter-output>
        </test-method> <!-- runScenario -->
        <test-method signature="runScenario(io.cucumber.testng.PickleWrapper,io.cucumber.testng.FeatureWrapper)[pri:0, instance:com.runner.RunnerClass@1bb266b3]" started-at="2025-04-12T15:07:02 IST" name="runScenario" description="Runs Cucumber Scenarios" data-provider="scenarios" finished-at="2025-04-12T15:07:50 IST" duration-ms="48549" status="PASS">
          <params>
            <param index="0">
              <value>
                <![CDATA["Verify the Login with roles"]]>
              </value>
            </param>
            <param index="1">
              <value>
                <![CDATA["Login functionality for the Smart Hospital website"]]>
              </value>
            </param>
          </params>
          <reporter-output>
          </reporter-output>
        </test-method> <!-- runScenario -->
        <test-method signature="runScenario(io.cucumber.testng.PickleWrapper,io.cucumber.testng.FeatureWrapper)[pri:0, instance:com.runner.RunnerClass@1bb266b3]" started-at="2025-04-12T15:07:02 IST" name="runScenario" description="Runs Cucumber Scenarios" data-provider="scenarios" finished-at="2025-04-12T15:08:33 IST" duration-ms="91185" status="PASS">
          <params>
            <param index="0">
              <value>
                <![CDATA["Doctor tries to add a new patient without entering the Month"]]>
              </value>
            </param>
            <param index="1">
              <value>
                <![CDATA["Manage Appointments in Smart Hospital"]]>
              </value>
            </param>
          </params>
          <reporter-output>
          </reporter-output>
        </test-method> <!-- runScenario -->
        <test-method signature="runScenario(io.cucumber.testng.PickleWrapper,io.cucumber.testng.FeatureWrapper)[pri:0, instance:com.runner.RunnerClass@1bb266b3]" started-at="2025-04-12T15:07:02 IST" name="runScenario" description="Runs Cucumber Scenarios" data-provider="scenarios" finished-at="2025-04-12T15:08:05 IST" duration-ms="63141" status="PASS">
          <params>
            <param index="0">
              <value>
                <![CDATA["Doctor tries to add a new patient without entering the name"]]>
              </value>
            </param>
            <param index="1">
              <value>
                <![CDATA["Manage Appointments in Smart Hospital"]]>
              </value>
            </param>
          </params>
          <reporter-output>
          </reporter-output>
        </test-method> <!-- runScenario -->
        <test-method signature="runScenario(io.cucumber.testng.PickleWrapper,io.cucumber.testng.FeatureWrapper)[pri:0, instance:com.runner.RunnerClass@1bb266b3]" started-at="2025-04-12T15:07:02 IST" name="runScenario" description="Runs Cucumber Scenarios" data-provider="scenarios" finished-at="2025-04-12T15:07:51 IST" duration-ms="49480" status="PASS">
          <params>
            <param index="0">
              <value>
                <![CDATA["Verify the Login with roles"]]>
              </value>
            </param>
            <param index="1">
              <value>
                <![CDATA["Login functionality for the Smart Hospital website"]]>
              </value>
            </param>
          </params>
          <reporter-output>
          </reporter-output>
        </test-method> <!-- runScenario -->
        <test-method signature="runScenario(io.cucumber.testng.PickleWrapper,io.cucumber.testng.FeatureWrapper)[pri:0, instance:com.runner.RunnerClass@1bb266b3]" started-at="2025-04-12T15:07:02 IST" name="runScenario" description="Runs Cucumber Scenarios" data-provider="scenarios" finished-at="2025-04-12T15:07:49 IST" duration-ms="47368" status="PASS">
          <params>
            <param index="0">
              <value>
                <![CDATA["Verify the Login with roles"]]>
              </value>
            </param>
            <param index="1">
              <value>
                <![CDATA["Login functionality for the Smart Hospital website"]]>
              </value>
            </param>
          </params>
          <reporter-output>
          </reporter-output>
        </test-method> <!-- runScenario -->
        <test-method signature="runScenario(io.cucumber.testng.PickleWrapper,io.cucumber.testng.FeatureWrapper)[pri:0, instance:com.runner.RunnerClass@1bb266b3]" started-at="2025-04-12T15:07:02 IST" name="runScenario" description="Runs Cucumber Scenarios" data-provider="scenarios" finished-at="2025-04-12T15:07:48 IST" duration-ms="46899" status="PASS">
          <params>
            <param index="0">
              <value>
                <![CDATA["Verify the Login with roles"]]>
              </value>
            </param>
            <param index="1">
              <value>
                <![CDATA["Login functionality for the Smart Hospital website"]]>
              </value>
            </param>
          </params>
          <reporter-output>
          </reporter-output>
        </test-method> <!-- runScenario -->
        <test-method signature="runScenario(io.cucumber.testng.PickleWrapper,io.cucumber.testng.FeatureWrapper)[pri:0, instance:com.runner.RunnerClass@1bb266b3]" started-at="2025-04-12T15:07:48 IST" name="runScenario" description="Runs Cucumber Scenarios" data-provider="scenarios" finished-at="2025-04-12T15:08:14 IST" duration-ms="25329" status="PASS">
          <params>
            <param index="0">
              <value>
                <![CDATA["Verify the Login with roles"]]>
              </value>
            </param>
            <param index="1">
              <value>
                <![CDATA["Login functionality for the Smart Hospital website"]]>
              </value>
            </param>
          </params>
          <reporter-output>
          </reporter-output>
        </test-method> <!-- runScenario -->
        <test-method signature="runScenario(io.cucumber.testng.PickleWrapper,io.cucumber.testng.FeatureWrapper)[pri:0, instance:com.runner.RunnerClass@1bb266b3]" started-at="2025-04-12T15:07:49 IST" name="runScenario" description="Runs Cucumber Scenarios" data-provider="scenarios" finished-at="2025-04-12T15:08:11 IST" duration-ms="22318" status="PASS">
          <params>
            <param index="0">
              <value>
                <![CDATA["Verify the Login with roles"]]>
              </value>
            </param>
            <param index="1">
              <value>
                <![CDATA["Login functionality for the Smart Hospital website"]]>
              </value>
            </param>
          </params>
          <reporter-output>
          </reporter-output>
        </test-method> <!-- runScenario -->
        <test-method signature="runScenario(io.cucumber.testng.PickleWrapper,io.cucumber.testng.FeatureWrapper)[pri:0, instance:com.runner.RunnerClass@1bb266b3]" started-at="2025-04-12T15:07:50 IST" name="runScenario" description="Runs Cucumber Scenarios" data-provider="scenarios" finished-at="2025-04-12T15:08:04 IST" duration-ms="13992" status="PASS">
          <params>
            <param index="0">
              <value>
                <![CDATA["Attempt to login with missing username"]]>
              </value>
            </param>
            <param index="1">
              <value>
                <![CDATA["Login functionality for the Smart Hospital website"]]>
              </value>
            </param>
          </params>
          <reporter-output>
          </reporter-output>
        </test-method> <!-- runScenario -->
        <test-method signature="runScenario(io.cucumber.testng.PickleWrapper,io.cucumber.testng.FeatureWrapper)[pri:0, instance:com.runner.RunnerClass@1bb266b3]" started-at="2025-04-12T15:07:51 IST" name="runScenario" description="Runs Cucumber Scenarios" data-provider="scenarios" finished-at="2025-04-12T15:08:04 IST" duration-ms="12775" status="PASS">
          <params>
            <param index="0">
              <value>
                <![CDATA["Attempt to login with missing username"]]>
              </value>
            </param>
            <param index="1">
              <value>
                <![CDATA["Login functionality for the Smart Hospital website"]]>
              </value>
            </param>
          </params>
          <reporter-output>
          </reporter-output>
        </test-method> <!-- runScenario -->
        <test-method signature="runScenario(io.cucumber.testng.PickleWrapper,io.cucumber.testng.FeatureWrapper)[pri:0, instance:com.runner.RunnerClass@1bb266b3]" started-at="2025-04-12T15:08:02 IST" name="runScenario" description="Runs Cucumber Scenarios" data-provider="scenarios" finished-at="2025-04-12T15:08:18 IST" duration-ms="15681" status="PASS">
          <params>
            <param index="0">
              <value>
                <![CDATA["Attempt to login with missing username"]]>
              </value>
            </param>
            <param index="1">
              <value>
                <![CDATA["Login functionality for the Smart Hospital website"]]>
              </value>
            </param>
          </params>
          <reporter-output>
          </reporter-output>
        </test-method> <!-- runScenario -->
        <test-method signature="runScenario(io.cucumber.testng.PickleWrapper,io.cucumber.testng.FeatureWrapper)[pri:0, instance:com.runner.RunnerClass@1bb266b3]" started-at="2025-04-12T15:08:04 IST" name="runScenario" description="Runs Cucumber Scenarios" data-provider="scenarios" finished-at="2025-04-12T15:08:23 IST" duration-ms="18768" status="PASS">
          <params>
            <param index="0">
              <value>
                <![CDATA["Attempt to login with missing password"]]>
              </value>
            </param>
            <param index="1">
              <value>
                <![CDATA["Login functionality for the Smart Hospital website"]]>
              </value>
            </param>
          </params>
          <reporter-output>
          </reporter-output>
        </test-method> <!-- runScenario -->
        <test-method signature="runScenario(io.cucumber.testng.PickleWrapper,io.cucumber.testng.FeatureWrapper)[pri:0, instance:com.runner.RunnerClass@1bb266b3]" started-at="2025-04-12T15:08:04 IST" name="runScenario" description="Runs Cucumber Scenarios" data-provider="scenarios" finished-at="2025-04-12T15:08:23 IST" duration-ms="18669" status="PASS">
          <params>
            <param index="0">
              <value>
                <![CDATA["Attempt to login with missing password"]]>
              </value>
            </param>
            <param index="1">
              <value>
                <![CDATA["Login functionality for the Smart Hospital website"]]>
              </value>
            </param>
          </params>
          <reporter-output>
          </reporter-output>
        </test-method> <!-- runScenario -->
        <test-method signature="runScenario(io.cucumber.testng.PickleWrapper,io.cucumber.testng.FeatureWrapper)[pri:0, instance:com.runner.RunnerClass@1bb266b3]" started-at="2025-04-12T15:08:05 IST" name="runScenario" description="Runs Cucumber Scenarios" data-provider="scenarios" finished-at="2025-04-12T15:08:22 IST" duration-ms="17413" status="PASS">
          <params>
            <param index="0">
              <value>
                <![CDATA["Attempt to login with missing password"]]>
              </value>
            </param>
            <param index="1">
              <value>
                <![CDATA["Login functionality for the Smart Hospital website"]]>
              </value>
            </param>
          </params>
          <reporter-output>
          </reporter-output>
        </test-method> <!-- runScenario -->
        <test-method signature="runScenario(io.cucumber.testng.PickleWrapper,io.cucumber.testng.FeatureWrapper)[pri:0, instance:com.runner.RunnerClass@1bb266b3]" started-at="2025-04-12T15:08:11 IST" name="runScenario" description="Runs Cucumber Scenarios" data-provider="scenarios" finished-at="2025-04-12T15:08:21 IST" duration-ms="10128" status="PASS">
          <params>
            <param index="0">
              <value>
                <![CDATA["Attempt to login with missing username and password"]]>
              </value>
            </param>
            <param index="1">
              <value>
                <![CDATA["Login functionality for the Smart Hospital website"]]>
              </value>
            </param>
          </params>
          <reporter-output>
          </reporter-output>
        </test-method> <!-- runScenario -->
        <test-method signature="runScenario(io.cucumber.testng.PickleWrapper,io.cucumber.testng.FeatureWrapper)[pri:0, instance:com.runner.RunnerClass@1bb266b3]" started-at="2025-04-12T15:08:12 IST" name="runScenario" description="Runs Cucumber Scenarios" data-provider="scenarios" finished-at="2025-04-12T15:08:22 IST" duration-ms="9709" status="PASS">
          <params>
            <param index="0">
              <value>
                <![CDATA["Attempt to login with missing username and password"]]>
              </value>
            </param>
            <param index="1">
              <value>
                <![CDATA["Login functionality for the Smart Hospital website"]]>
              </value>
            </param>
          </params>
          <reporter-output>
          </reporter-output>
        </test-method> <!-- runScenario -->
        <test-method signature="runScenario(io.cucumber.testng.PickleWrapper,io.cucumber.testng.FeatureWrapper)[pri:0, instance:com.runner.RunnerClass@1bb266b3]" started-at="2025-04-12T15:08:12 IST" name="runScenario" description="Runs Cucumber Scenarios" data-provider="scenarios" finished-at="2025-04-12T15:08:22 IST" duration-ms="9923" status="PASS">
          <params>
            <param index="0">
              <value>
                <![CDATA["Attempt to login with missing username and password"]]>
              </value>
            </param>
            <param index="1">
              <value>
                <![CDATA["Login functionality for the Smart Hospital website"]]>
              </value>
            </param>
          </params>
          <reporter-output>
          </reporter-output>
        </test-method> <!-- runScenario -->
        <test-method signature="runScenario(io.cucumber.testng.PickleWrapper,io.cucumber.testng.FeatureWrapper)[pri:0, instance:com.runner.RunnerClass@1bb266b3]" started-at="2025-04-12T15:08:14 IST" name="runScenario" description="Runs Cucumber Scenarios" data-provider="scenarios" finished-at="2025-04-12T15:08:27 IST" duration-ms="13190" status="PASS">
          <params>
            <param index="0">
              <value>
                <![CDATA["To check Login as patient"]]>
              </value>
            </param>
            <param index="1">
              <value>
                <![CDATA["Login with the Patient Login Credentials"]]>
              </value>
            </param>
          </params>
          <reporter-output>
          </reporter-output>
        </test-method> <!-- runScenario -->
        <test-method is-config="true" signature="tearDownClass()[pri:0, instance:com.runner.RunnerClass@1bb266b3]" started-at="2025-04-12T15:08:37 IST" name="tearDownClass" finished-at="2025-04-12T15:08:37 IST" duration-ms="38" status="PASS">
          <reporter-output>
          </reporter-output>
        </test-method> <!-- tearDownClass -->
      </class> <!-- com.runner.RunnerClass -->
    </test> <!-- Default test -->
  </suite> <!-- Default suite -->
</testng-results>
