<?xml version="1.0" encoding="UTF-8"?>
<testng-results ignored="0" total="3" passed="3" failed="0" skipped="0">
  <reporter-output>
  </reporter-output>
  <suite started-at="2025-04-16T15:09:01 IST" name="Default suite" finished-at="2025-04-16T15:09:20 IST" duration-ms="18515">
    <groups>
      <group name="cucumber">
        <method signature="AbstractTestNGCucumberTests.runScenario(io.cucumber.testng.PickleWrapper,io.cucumber.testng.FeatureWrapper)[pri:0, instance:com.runner.RunnerClass@76f2bbc1]" name="runScenario" class="io.cucumber.testng.AbstractTestNGCucumberTests"/>
      </group> <!-- cucumber -->
    </groups>
    <test started-at="2025-04-16T15:09:01 IST" name="Default test" finished-at="2025-04-16T15:09:20 IST" duration-ms="18515">
      <class name="com.runner.RunnerClass">
        <test-method is-config="true" signature="setUpClass(org.testng.ITestContext)[pri:0, instance:com.runner.RunnerClass@76f2bbc1]" started-at="2025-04-16T15:09:01 IST" name="setUpClass" finished-at="2025-04-16T15:09:02 IST" duration-ms="478" status="PASS">
          <params>
            <param index="0">
              <value>
                <![CDATA[org.testng.TestRunner@7adbd080]]>
              </value>
            </param>
          </params>
          <reporter-output>
          </reporter-output>
        </test-method> <!-- setUpClass -->
        <test-method signature="runScenario(io.cucumber.testng.PickleWrapper,io.cucumber.testng.FeatureWrapper)[pri:0, instance:com.runner.RunnerClass@76f2bbc1]" started-at="2025-04-16T15:09:02 IST" name="runScenario" description="Runs Cucumber Scenarios" data-provider="scenarios" finished-at="2025-04-16T15:09:19 IST" duration-ms="16993" status="PASS">
          <params>
            <param index="0">
              <value>
                <![CDATA["Add New Income with No Data"]]>
              </value>
            </param>
            <param index="1">
              <value>
                <![CDATA["Accountant Income Functionalities"]]>
              </value>
            </param>
          </params>
          <reporter-output>
          </reporter-output>
        </test-method> <!-- runScenario -->
        <test-method signature="runScenario(io.cucumber.testng.PickleWrapper,io.cucumber.testng.FeatureWrapper)[pri:0, instance:com.runner.RunnerClass@76f2bbc1]" started-at="2025-04-16T15:09:02 IST" name="runScenario" description="Runs Cucumber Scenarios" data-provider="scenarios" finished-at="2025-04-16T15:09:17 IST" duration-ms="15487" status="PASS">
          <params>
            <param index="0">
              <value>
                <![CDATA["Add New Income and Verify"]]>
              </value>
            </param>
            <param index="1">
              <value>
                <![CDATA["Accountant Income Functionalities"]]>
              </value>
            </param>
          </params>
          <reporter-output>
          </reporter-output>
        </test-method> <!-- runScenario -->
        <test-method signature="runScenario(io.cucumber.testng.PickleWrapper,io.cucumber.testng.FeatureWrapper)[pri:0, instance:com.runner.RunnerClass@76f2bbc1]" started-at="2025-04-16T15:09:02 IST" name="runScenario" description="Runs Cucumber Scenarios" data-provider="scenarios" finished-at="2025-04-16T15:09:20 IST" duration-ms="17875" status="PASS">
          <params>
            <param index="0">
              <value>
                <![CDATA["Add New Income with Invalid Data"]]>
              </value>
            </param>
            <param index="1">
              <value>
                <![CDATA["Accountant Income Functionalities"]]>
              </value>
            </param>
          </params>
          <reporter-output>
          </reporter-output>
        </test-method> <!-- runScenario -->
        <test-method is-config="true" signature="tearDownClass()[pri:0, instance:com.runner.RunnerClass@76f2bbc1]" started-at="2025-04-16T15:09:20 IST" name="tearDownClass" finished-at="2025-04-16T15:09:20 IST" duration-ms="101" status="PASS">
          <reporter-output>
          </reporter-output>
        </test-method> <!-- tearDownClass -->
      </class> <!-- com.runner.RunnerClass -->
    </test> <!-- Default test -->
  </suite> <!-- Default suite -->
</testng-results>
