<?xml version="1.0" encoding="UTF-8"?>
<testng-results ignored="0" total="3" passed="3" failed="0" skipped="0">
  <reporter-output>
  </reporter-output>
  <suite started-at="2025-04-17T10:45:56 IST" name="Default suite" finished-at="2025-04-17T10:46:15 IST" duration-ms="18403">
    <groups>
      <group name="cucumber">
        <method signature="AbstractTestNGCucumberTests.runScenario(io.cucumber.testng.PickleWrapper,io.cucumber.testng.FeatureWrapper)[pri:0, instance:com.runner.RunnerClass@76f2bbc1]" name="runScenario" class="io.cucumber.testng.AbstractTestNGCucumberTests"/>
      </group> <!-- cucumber -->
    </groups>
    <test started-at="2025-04-17T10:45:56 IST" name="Default test" finished-at="2025-04-17T10:46:15 IST" duration-ms="18403">
      <class name="com.runner.RunnerClass">
        <test-method is-config="true" signature="setUpClass(org.testng.ITestContext)[pri:0, instance:com.runner.RunnerClass@76f2bbc1]" started-at="2025-04-17T10:45:56 IST" name="setUpClass" finished-at="2025-04-17T10:45:57 IST" duration-ms="608" status="PASS">
          <params>
            <param index="0">
              <value>
                <![CDATA[org.testng.TestRunner@3913f206]]>
              </value>
            </param>
          </params>
          <reporter-output>
          </reporter-output>
        </test-method> <!-- setUpClass -->
        <test-method signature="runScenario(io.cucumber.testng.PickleWrapper,io.cucumber.testng.FeatureWrapper)[pri:0, instance:com.runner.RunnerClass@76f2bbc1]" started-at="2025-04-17T10:45:57 IST" name="runScenario" description="Runs Cucumber Scenarios" data-provider="scenarios" finished-at="2025-04-17T10:46:13 IST" duration-ms="15876" status="PASS">
          <params>
            <param index="0">
              <value>
                <![CDATA["Add New Expense with Invalid Data"]]>
              </value>
            </param>
            <param index="1">
              <value>
                <![CDATA["Accountant Dashboard Functionalities"]]>
              </value>
            </param>
          </params>
          <reporter-output>
          </reporter-output>
        </test-method> <!-- runScenario -->
        <test-method signature="runScenario(io.cucumber.testng.PickleWrapper,io.cucumber.testng.FeatureWrapper)[pri:0, instance:com.runner.RunnerClass@76f2bbc1]" started-at="2025-04-17T10:45:57 IST" name="runScenario" description="Runs Cucumber Scenarios" data-provider="scenarios" finished-at="2025-04-17T10:46:13 IST" duration-ms="15956" status="PASS">
          <params>
            <param index="0">
              <value>
                <![CDATA["Add New Expense with Invalid Data"]]>
              </value>
            </param>
            <param index="1">
              <value>
                <![CDATA["Accountant Dashboard Functionalities"]]>
              </value>
            </param>
          </params>
          <reporter-output>
          </reporter-output>
        </test-method> <!-- runScenario -->
        <test-method signature="runScenario(io.cucumber.testng.PickleWrapper,io.cucumber.testng.FeatureWrapper)[pri:0, instance:com.runner.RunnerClass@76f2bbc1]" started-at="2025-04-17T10:45:57 IST" name="runScenario" description="Runs Cucumber Scenarios" data-provider="scenarios" finished-at="2025-04-17T10:46:12 IST" duration-ms="15050" status="PASS">
          <params>
            <param index="0">
              <value>
                <![CDATA["Add New Expense and Verify"]]>
              </value>
            </param>
            <param index="1">
              <value>
                <![CDATA["Accountant Dashboard Functionalities"]]>
              </value>
            </param>
          </params>
          <reporter-output>
          </reporter-output>
        </test-method> <!-- runScenario -->
        <test-method is-config="true" signature="tearDownClass()[pri:0, instance:com.runner.RunnerClass@76f2bbc1]" started-at="2025-04-17T10:46:13 IST" name="tearDownClass" finished-at="2025-04-17T10:46:15 IST" duration-ms="1801" status="PASS">
          <reporter-output>
          </reporter-output>
        </test-method> <!-- tearDownClass -->
      </class> <!-- com.runner.RunnerClass -->
    </test> <!-- Default test -->
  </suite> <!-- Default suite -->
</testng-results>
