<?xml version="1.0" encoding="UTF-8"?>
<testng-results ignored="0" total="22" passed="22" failed="0" skipped="0">
  <reporter-output>
  </reporter-output>
  <suite started-at="2025-04-12T21:23:17 IST" name="Smart Hospital Tests" finished-at="2025-04-12T21:24:13 IST" duration-ms="56338">
    <groups>
      <group name="cucumber">
        <method signature="AbstractTestNGCucumberTests.runScenario(io.cucumber.testng.PickleWrapper,io.cucumber.testng.FeatureWrapper)[pri:0, instance:com.runner.RunnerClass@1bb266b3]" name="runScenario" class="io.cucumber.testng.AbstractTestNGCucumberTests"/>
      </group> <!-- cucumber -->
    </groups>
    <test started-at="2025-04-12T21:23:17 IST" name="Login Tests" finished-at="2025-04-12T21:24:13 IST" duration-ms="56338">
      <class name="com.runner.RunnerClass">
        <test-method is-config="true" signature="setUpClass(org.testng.ITestContext)[pri:0, instance:com.runner.RunnerClass@1bb266b3]" started-at="2025-04-12T21:23:17 IST" name="setUpClass" finished-at="2025-04-12T21:23:17 IST" duration-ms="480" status="PASS">
          <params>
            <param index="0">
              <value>
                <![CDATA[org.testng.TestRunner@2e8c1c9b]]>
              </value>
            </param>
          </params>
          <reporter-output>
          </reporter-output>
        </test-method> <!-- setUpClass -->
        <test-method signature="runScenario(io.cucumber.testng.PickleWrapper,io.cucumber.testng.FeatureWrapper)[pri:0, instance:com.runner.RunnerClass@1bb266b3]" started-at="2025-04-12T21:23:17 IST" name="runScenario" description="Runs Cucumber Scenarios" data-provider="scenarios" finished-at="2025-04-12T21:24:08 IST" duration-ms="51201" status="PASS">
          <params>
            <param index="0">
              <value>
                <![CDATA["Doctor creates a new appointment for a new patient"]]>
              </value>
            </param>
            <param index="1">
              <value>
                <![CDATA["Manage Appointments in Smart Hospital"]]>
              </value>
            </param>
          </params>
          <reporter-output>
          </reporter-output>
        </test-method> <!-- runScenario -->
        <test-method signature="runScenario(io.cucumber.testng.PickleWrapper,io.cucumber.testng.FeatureWrapper)[pri:0, instance:com.runner.RunnerClass@1bb266b3]" started-at="2025-04-12T21:23:17 IST" name="runScenario" description="Runs Cucumber Scenarios" data-provider="scenarios" finished-at="2025-04-12T21:24:01 IST" duration-ms="44005" status="PASS">
          <params>
            <param index="0">
              <value>
                <![CDATA["Doctor tries to create an appointment with an expired time slot"]]>
              </value>
            </param>
            <param index="1">
              <value>
                <![CDATA["Manage Appointments in Smart Hospital"]]>
              </value>
            </param>
          </params>
          <reporter-output>
          </reporter-output>
        </test-method> <!-- runScenario -->
        <test-method signature="runScenario(io.cucumber.testng.PickleWrapper,io.cucumber.testng.FeatureWrapper)[pri:0, instance:com.runner.RunnerClass@1bb266b3]" started-at="2025-04-12T21:23:17 IST" name="runScenario" description="Runs Cucumber Scenarios" data-provider="scenarios" finished-at="2025-04-12T21:23:38 IST" duration-ms="20398" status="PASS">
          <params>
            <param index="0">
              <value>
                <![CDATA["Verify the Login with roles"]]>
              </value>
            </param>
            <param index="1">
              <value>
                <![CDATA["Login functionality for the Smart Hospital website"]]>
              </value>
            </param>
          </params>
          <reporter-output>
          </reporter-output>
        </test-method> <!-- runScenario -->
        <test-method signature="runScenario(io.cucumber.testng.PickleWrapper,io.cucumber.testng.FeatureWrapper)[pri:0, instance:com.runner.RunnerClass@1bb266b3]" started-at="2025-04-12T21:23:17 IST" name="runScenario" description="Runs Cucumber Scenarios" data-provider="scenarios" finished-at="2025-04-12T21:23:37 IST" duration-ms="20293" status="PASS">
          <params>
            <param index="0">
              <value>
                <![CDATA["Verify the Login with roles"]]>
              </value>
            </param>
            <param index="1">
              <value>
                <![CDATA["Login functionality for the Smart Hospital website"]]>
              </value>
            </param>
          </params>
          <reporter-output>
          </reporter-output>
        </test-method> <!-- runScenario -->
        <test-method signature="runScenario(io.cucumber.testng.PickleWrapper,io.cucumber.testng.FeatureWrapper)[pri:0, instance:com.runner.RunnerClass@1bb266b3]" started-at="2025-04-12T21:23:17 IST" name="runScenario" description="Runs Cucumber Scenarios" data-provider="scenarios" finished-at="2025-04-12T21:23:59 IST" duration-ms="41998" status="PASS">
          <params>
            <param index="0">
              <value>
                <![CDATA["Doctor tries to add a new patient without entering the day"]]>
              </value>
            </param>
            <param index="1">
              <value>
                <![CDATA["Manage Appointments in Smart Hospital"]]>
              </value>
            </param>
          </params>
          <reporter-output>
          </reporter-output>
        </test-method> <!-- runScenario -->
        <test-method signature="runScenario(io.cucumber.testng.PickleWrapper,io.cucumber.testng.FeatureWrapper)[pri:0, instance:com.runner.RunnerClass@1bb266b3]" started-at="2025-04-12T21:23:17 IST" name="runScenario" description="Runs Cucumber Scenarios" data-provider="scenarios" finished-at="2025-04-12T21:23:59 IST" duration-ms="41801" status="PASS">
          <params>
            <param index="0">
              <value>
                <![CDATA["Doctor tries to add a new patient without entering the Month"]]>
              </value>
            </param>
            <param index="1">
              <value>
                <![CDATA["Manage Appointments in Smart Hospital"]]>
              </value>
            </param>
          </params>
          <reporter-output>
          </reporter-output>
        </test-method> <!-- runScenario -->
        <test-method signature="runScenario(io.cucumber.testng.PickleWrapper,io.cucumber.testng.FeatureWrapper)[pri:0, instance:com.runner.RunnerClass@1bb266b3]" started-at="2025-04-12T21:23:17 IST" name="runScenario" description="Runs Cucumber Scenarios" data-provider="scenarios" finished-at="2025-04-12T21:23:58 IST" duration-ms="41199" status="PASS">
          <params>
            <param index="0">
              <value>
                <![CDATA["Doctor tries to add a new patient without entering the year"]]>
              </value>
            </param>
            <param index="1">
              <value>
                <![CDATA["Manage Appointments in Smart Hospital"]]>
              </value>
            </param>
          </params>
          <reporter-output>
          </reporter-output>
        </test-method> <!-- runScenario -->
        <test-method signature="runScenario(io.cucumber.testng.PickleWrapper,io.cucumber.testng.FeatureWrapper)[pri:0, instance:com.runner.RunnerClass@1bb266b3]" started-at="2025-04-12T21:23:17 IST" name="runScenario" description="Runs Cucumber Scenarios" data-provider="scenarios" finished-at="2025-04-12T21:23:37 IST" duration-ms="20293" status="PASS">
          <params>
            <param index="0">
              <value>
                <![CDATA["Verify the Login with roles"]]>
              </value>
            </param>
            <param index="1">
              <value>
                <![CDATA["Login functionality for the Smart Hospital website"]]>
              </value>
            </param>
          </params>
          <reporter-output>
          </reporter-output>
        </test-method> <!-- runScenario -->
        <test-method signature="runScenario(io.cucumber.testng.PickleWrapper,io.cucumber.testng.FeatureWrapper)[pri:0, instance:com.runner.RunnerClass@1bb266b3]" started-at="2025-04-12T21:23:17 IST" name="runScenario" description="Runs Cucumber Scenarios" data-provider="scenarios" finished-at="2025-04-12T21:23:51 IST" duration-ms="33488" status="PASS">
          <params>
            <param index="0">
              <value>
                <![CDATA["Doctor tries to add a new patient without entering the name"]]>
              </value>
            </param>
            <param index="1">
              <value>
                <![CDATA["Manage Appointments in Smart Hospital"]]>
              </value>
            </param>
          </params>
          <reporter-output>
          </reporter-output>
        </test-method> <!-- runScenario -->
        <test-method signature="runScenario(io.cucumber.testng.PickleWrapper,io.cucumber.testng.FeatureWrapper)[pri:0, instance:com.runner.RunnerClass@1bb266b3]" started-at="2025-04-12T21:23:17 IST" name="runScenario" description="Runs Cucumber Scenarios" data-provider="scenarios" finished-at="2025-04-12T21:23:37 IST" duration-ms="20293" status="PASS">
          <params>
            <param index="0">
              <value>
                <![CDATA["Verify the Login with roles"]]>
              </value>
            </param>
            <param index="1">
              <value>
                <![CDATA["Login functionality for the Smart Hospital website"]]>
              </value>
            </param>
          </params>
          <reporter-output>
          </reporter-output>
        </test-method> <!-- runScenario -->
        <test-method signature="runScenario(io.cucumber.testng.PickleWrapper,io.cucumber.testng.FeatureWrapper)[pri:0, instance:com.runner.RunnerClass@1bb266b3]" started-at="2025-04-12T21:23:37 IST" name="runScenario" description="Runs Cucumber Scenarios" data-provider="scenarios" finished-at="2025-04-12T21:24:11 IST" duration-ms="33840" status="PASS">
          <params>
            <param index="0">
              <value>
                <![CDATA["Verify the Login with roles"]]>
              </value>
            </param>
            <param index="1">
              <value>
                <![CDATA["Login functionality for the Smart Hospital website"]]>
              </value>
            </param>
          </params>
          <reporter-output>
          </reporter-output>
        </test-method> <!-- runScenario -->
        <test-method signature="runScenario(io.cucumber.testng.PickleWrapper,io.cucumber.testng.FeatureWrapper)[pri:0, instance:com.runner.RunnerClass@1bb266b3]" started-at="2025-04-12T21:23:37 IST" name="runScenario" description="Runs Cucumber Scenarios" data-provider="scenarios" finished-at="2025-04-12T21:24:00 IST" duration-ms="22649" status="PASS">
          <params>
            <param index="0">
              <value>
                <![CDATA["Verify the Login with roles"]]>
              </value>
            </param>
            <param index="1">
              <value>
                <![CDATA["Login functionality for the Smart Hospital website"]]>
              </value>
            </param>
          </params>
          <reporter-output>
          </reporter-output>
        </test-method> <!-- runScenario -->
        <test-method signature="runScenario(io.cucumber.testng.PickleWrapper,io.cucumber.testng.FeatureWrapper)[pri:0, instance:com.runner.RunnerClass@1bb266b3]" started-at="2025-04-12T21:23:37 IST" name="runScenario" description="Runs Cucumber Scenarios" data-provider="scenarios" finished-at="2025-04-12T21:23:52 IST" duration-ms="14316" status="PASS">
          <params>
            <param index="0">
              <value>
                <![CDATA["Attempt to login with missing username"]]>
              </value>
            </param>
            <param index="1">
              <value>
                <![CDATA["Login functionality for the Smart Hospital website"]]>
              </value>
            </param>
          </params>
          <reporter-output>
          </reporter-output>
        </test-method> <!-- runScenario -->
        <test-method signature="runScenario(io.cucumber.testng.PickleWrapper,io.cucumber.testng.FeatureWrapper)[pri:0, instance:com.runner.RunnerClass@1bb266b3]" started-at="2025-04-12T21:23:38 IST" name="runScenario" description="Runs Cucumber Scenarios" data-provider="scenarios" finished-at="2025-04-12T21:23:51 IST" duration-ms="13900" status="PASS">
          <params>
            <param index="0">
              <value>
                <![CDATA["Attempt to login with missing username"]]>
              </value>
            </param>
            <param index="1">
              <value>
                <![CDATA["Login functionality for the Smart Hospital website"]]>
              </value>
            </param>
          </params>
          <reporter-output>
          </reporter-output>
        </test-method> <!-- runScenario -->
        <test-method signature="runScenario(io.cucumber.testng.PickleWrapper,io.cucumber.testng.FeatureWrapper)[pri:0, instance:com.runner.RunnerClass@1bb266b3]" started-at="2025-04-12T21:23:51 IST" name="runScenario" description="Runs Cucumber Scenarios" data-provider="scenarios" finished-at="2025-04-12T21:24:06 IST" duration-ms="15633" status="PASS">
          <params>
            <param index="0">
              <value>
                <![CDATA["Attempt to login with missing username"]]>
              </value>
            </param>
            <param index="1">
              <value>
                <![CDATA["Login functionality for the Smart Hospital website"]]>
              </value>
            </param>
          </params>
          <reporter-output>
          </reporter-output>
        </test-method> <!-- runScenario -->
        <test-method signature="runScenario(io.cucumber.testng.PickleWrapper,io.cucumber.testng.FeatureWrapper)[pri:0, instance:com.runner.RunnerClass@1bb266b3]" started-at="2025-04-12T21:23:51 IST" name="runScenario" description="Runs Cucumber Scenarios" data-provider="scenarios" finished-at="2025-04-12T21:24:07 IST" duration-ms="15467" status="PASS">
          <params>
            <param index="0">
              <value>
                <![CDATA["Attempt to login with missing password"]]>
              </value>
            </param>
            <param index="1">
              <value>
                <![CDATA["Login functionality for the Smart Hospital website"]]>
              </value>
            </param>
          </params>
          <reporter-output>
          </reporter-output>
        </test-method> <!-- runScenario -->
        <test-method signature="runScenario(io.cucumber.testng.PickleWrapper,io.cucumber.testng.FeatureWrapper)[pri:0, instance:com.runner.RunnerClass@1bb266b3]" started-at="2025-04-12T21:23:52 IST" name="runScenario" description="Runs Cucumber Scenarios" data-provider="scenarios" finished-at="2025-04-12T21:24:08 IST" duration-ms="15957" status="PASS">
          <params>
            <param index="0">
              <value>
                <![CDATA["Attempt to login with missing password"]]>
              </value>
            </param>
            <param index="1">
              <value>
                <![CDATA["Login functionality for the Smart Hospital website"]]>
              </value>
            </param>
          </params>
          <reporter-output>
          </reporter-output>
        </test-method> <!-- runScenario -->
        <test-method signature="runScenario(io.cucumber.testng.PickleWrapper,io.cucumber.testng.FeatureWrapper)[pri:0, instance:com.runner.RunnerClass@1bb266b3]" started-at="2025-04-12T21:23:58 IST" name="runScenario" description="Runs Cucumber Scenarios" data-provider="scenarios" finished-at="2025-04-12T21:24:09 IST" duration-ms="11104" status="PASS">
          <params>
            <param index="0">
              <value>
                <![CDATA["Attempt to login with missing password"]]>
              </value>
            </param>
            <param index="1">
              <value>
                <![CDATA["Login functionality for the Smart Hospital website"]]>
              </value>
            </param>
          </params>
          <reporter-output>
          </reporter-output>
        </test-method> <!-- runScenario -->
        <test-method signature="runScenario(io.cucumber.testng.PickleWrapper,io.cucumber.testng.FeatureWrapper)[pri:0, instance:com.runner.RunnerClass@1bb266b3]" started-at="2025-04-12T21:23:59 IST" name="runScenario" description="Runs Cucumber Scenarios" data-provider="scenarios" finished-at="2025-04-12T21:24:09 IST" duration-ms="10077" status="PASS">
          <params>
            <param index="0">
              <value>
                <![CDATA["Attempt to login with missing username and password"]]>
              </value>
            </param>
            <param index="1">
              <value>
                <![CDATA["Login functionality for the Smart Hospital website"]]>
              </value>
            </param>
          </params>
          <reporter-output>
          </reporter-output>
        </test-method> <!-- runScenario -->
        <test-method signature="runScenario(io.cucumber.testng.PickleWrapper,io.cucumber.testng.FeatureWrapper)[pri:0, instance:com.runner.RunnerClass@1bb266b3]" started-at="2025-04-12T21:23:59 IST" name="runScenario" description="Runs Cucumber Scenarios" data-provider="scenarios" finished-at="2025-04-12T21:24:09 IST" duration-ms="9816" status="PASS">
          <params>
            <param index="0">
              <value>
                <![CDATA["Attempt to login with missing username and password"]]>
              </value>
            </param>
            <param index="1">
              <value>
                <![CDATA["Login functionality for the Smart Hospital website"]]>
              </value>
            </param>
          </params>
          <reporter-output>
          </reporter-output>
        </test-method> <!-- runScenario -->
        <test-method signature="runScenario(io.cucumber.testng.PickleWrapper,io.cucumber.testng.FeatureWrapper)[pri:0, instance:com.runner.RunnerClass@1bb266b3]" started-at="2025-04-12T21:24:00 IST" name="runScenario" description="Runs Cucumber Scenarios" data-provider="scenarios" finished-at="2025-04-12T21:24:10 IST" duration-ms="9521" status="PASS">
          <params>
            <param index="0">
              <value>
                <![CDATA["Attempt to login with missing username and password"]]>
              </value>
            </param>
            <param index="1">
              <value>
                <![CDATA["Login functionality for the Smart Hospital website"]]>
              </value>
            </param>
          </params>
          <reporter-output>
          </reporter-output>
        </test-method> <!-- runScenario -->
        <test-method signature="runScenario(io.cucumber.testng.PickleWrapper,io.cucumber.testng.FeatureWrapper)[pri:0, instance:com.runner.RunnerClass@1bb266b3]" started-at="2025-04-12T21:24:01 IST" name="runScenario" description="Runs Cucumber Scenarios" data-provider="scenarios" finished-at="2025-04-12T21:24:13 IST" duration-ms="11764" status="PASS">
          <params>
            <param index="0">
              <value>
                <![CDATA["To check Login as patient"]]>
              </value>
            </param>
            <param index="1">
              <value>
                <![CDATA["Login with the Patient Login Credentials"]]>
              </value>
            </param>
          </params>
          <reporter-output>
          </reporter-output>
        </test-method> <!-- runScenario -->
        <test-method is-config="true" signature="tearDownClass()[pri:0, instance:com.runner.RunnerClass@1bb266b3]" started-at="2025-04-12T21:24:13 IST" name="tearDownClass" finished-at="2025-04-12T21:24:13 IST" duration-ms="38" status="PASS">
          <reporter-output>
          </reporter-output>
        </test-method> <!-- tearDownClass -->
      </class> <!-- com.runner.RunnerClass -->
    </test> <!-- Login Tests -->
  </suite> <!-- Smart Hospital Tests -->
</testng-results>
