<?xml version="1.0" encoding="UTF-8"?>
<testng-results ignored="0" total="23" passed="23" failed="0" skipped="0">
  <reporter-output>
  </reporter-output>
  <suite started-at="2025-04-13T00:55:14 IST" name="Smart Hospital Tests" finished-at="2025-04-13T00:56:54 IST" duration-ms="100371">
    <groups>
      <group name="cucumber">
        <method signature="AbstractTestNGCucumberTests.runScenario(io.cucumber.testng.PickleWrapper,io.cucumber.testng.FeatureWrapper)[pri:0, instance:com.runner.RunnerClass@1bb266b3]" name="runScenario" class="io.cucumber.testng.AbstractTestNGCucumberTests"/>
      </group> <!-- cucumber -->
    </groups>
    <test started-at="2025-04-13T00:55:14 IST" name="Login Tests" finished-at="2025-04-13T00:56:54 IST" duration-ms="100371">
      <class name="com.runner.RunnerClass">
        <test-method is-config="true" signature="setUpClass(org.testng.ITestContext)[pri:0, instance:com.runner.RunnerClass@1bb266b3]" started-at="2025-04-13T00:55:14 IST" name="setUpClass" finished-at="2025-04-13T00:55:14 IST" duration-ms="498" status="PASS">
          <params>
            <param index="0">
              <value>
                <![CDATA[org.testng.TestRunner@2e8c1c9b]]>
              </value>
            </param>
          </params>
          <reporter-output>
          </reporter-output>
        </test-method> <!-- setUpClass -->
        <test-method signature="runScenario(io.cucumber.testng.PickleWrapper,io.cucumber.testng.FeatureWrapper)[pri:0, instance:com.runner.RunnerClass@1bb266b3]" started-at="2025-04-13T00:55:14 IST" name="runScenario" description="Runs Cucumber Scenarios" data-provider="scenarios" finished-at="2025-04-13T00:56:32 IST" duration-ms="77939" status="PASS">
          <params>
            <param index="0">
              <value>
                <![CDATA["Doctor creates a new appointment for a new patient"]]>
              </value>
            </param>
            <param index="1">
              <value>
                <![CDATA["Manage Appointments in Smart Hospital"]]>
              </value>
            </param>
          </params>
          <reporter-output>
          </reporter-output>
        </test-method> <!-- runScenario -->
        <test-method signature="runScenario(io.cucumber.testng.PickleWrapper,io.cucumber.testng.FeatureWrapper)[pri:0, instance:com.runner.RunnerClass@1bb266b3]" started-at="2025-04-13T00:55:14 IST" name="runScenario" description="Runs Cucumber Scenarios" data-provider="scenarios" finished-at="2025-04-13T00:56:01 IST" duration-ms="46957" status="PASS">
          <params>
            <param index="0">
              <value>
                <![CDATA["Verify the Login with roles"]]>
              </value>
            </param>
            <param index="1">
              <value>
                <![CDATA["Login functionality for the Smart Hospital website"]]>
              </value>
            </param>
          </params>
          <reporter-output>
          </reporter-output>
        </test-method> <!-- runScenario -->
        <test-method signature="runScenario(io.cucumber.testng.PickleWrapper,io.cucumber.testng.FeatureWrapper)[pri:0, instance:com.runner.RunnerClass@1bb266b3]" started-at="2025-04-13T00:55:14 IST" name="runScenario" description="Runs Cucumber Scenarios" data-provider="scenarios" finished-at="2025-04-13T00:56:22 IST" duration-ms="67754" status="PASS">
          <params>
            <param index="0">
              <value>
                <![CDATA["Doctor tries to add a new patient without entering the year"]]>
              </value>
            </param>
            <param index="1">
              <value>
                <![CDATA["Manage Appointments in Smart Hospital"]]>
              </value>
            </param>
          </params>
          <reporter-output>
          </reporter-output>
        </test-method> <!-- runScenario -->
        <test-method signature="runScenario(io.cucumber.testng.PickleWrapper,io.cucumber.testng.FeatureWrapper)[pri:0, instance:com.runner.RunnerClass@1bb266b3]" started-at="2025-04-13T00:55:14 IST" name="runScenario" description="Runs Cucumber Scenarios" data-provider="scenarios" finished-at="2025-04-13T00:55:54 IST" duration-ms="39154" status="PASS">
          <params>
            <param index="0">
              <value>
                <![CDATA["Verify the Login with roles"]]>
              </value>
            </param>
            <param index="1">
              <value>
                <![CDATA["Login functionality for the Smart Hospital website"]]>
              </value>
            </param>
          </params>
          <reporter-output>
          </reporter-output>
        </test-method> <!-- runScenario -->
        <test-method signature="runScenario(io.cucumber.testng.PickleWrapper,io.cucumber.testng.FeatureWrapper)[pri:0, instance:com.runner.RunnerClass@1bb266b3]" started-at="2025-04-13T00:55:14 IST" name="runScenario" description="Runs Cucumber Scenarios" data-provider="scenarios" finished-at="2025-04-13T00:56:22 IST" duration-ms="67307" status="PASS">
          <params>
            <param index="0">
              <value>
                <![CDATA["Doctor tries to add a new patient without entering the day"]]>
              </value>
            </param>
            <param index="1">
              <value>
                <![CDATA["Manage Appointments in Smart Hospital"]]>
              </value>
            </param>
          </params>
          <reporter-output>
          </reporter-output>
        </test-method> <!-- runScenario -->
        <test-method signature="runScenario(io.cucumber.testng.PickleWrapper,io.cucumber.testng.FeatureWrapper)[pri:0, instance:com.runner.RunnerClass@1bb266b3]" started-at="2025-04-13T00:55:14 IST" name="runScenario" description="Runs Cucumber Scenarios" data-provider="scenarios" finished-at="2025-04-13T00:55:52 IST" duration-ms="37747" status="PASS">
          <params>
            <param index="0">
              <value>
                <![CDATA["Verify the Login with roles"]]>
              </value>
            </param>
            <param index="1">
              <value>
                <![CDATA["Login functionality for the Smart Hospital website"]]>
              </value>
            </param>
          </params>
          <reporter-output>
          </reporter-output>
        </test-method> <!-- runScenario -->
        <test-method signature="runScenario(io.cucumber.testng.PickleWrapper,io.cucumber.testng.FeatureWrapper)[pri:0, instance:com.runner.RunnerClass@1bb266b3]" started-at="2025-04-13T00:55:14 IST" name="runScenario" description="Runs Cucumber Scenarios" data-provider="scenarios" finished-at="2025-04-13T00:56:22 IST" duration-ms="67897" status="PASS">
          <params>
            <param index="0">
              <value>
                <![CDATA["Doctor tries to add a new patient without entering the name"]]>
              </value>
            </param>
            <param index="1">
              <value>
                <![CDATA["Manage Appointments in Smart Hospital"]]>
              </value>
            </param>
          </params>
          <reporter-output>
          </reporter-output>
        </test-method> <!-- runScenario -->
        <test-method signature="runScenario(io.cucumber.testng.PickleWrapper,io.cucumber.testng.FeatureWrapper)[pri:0, instance:com.runner.RunnerClass@1bb266b3]" started-at="2025-04-13T00:55:14 IST" name="runScenario" description="Runs Cucumber Scenarios" data-provider="scenarios" finished-at="2025-04-13T00:55:46 IST" duration-ms="32054" status="PASS">
          <params>
            <param index="0">
              <value>
                <![CDATA["Verify the Login with roles"]]>
              </value>
            </param>
            <param index="1">
              <value>
                <![CDATA["Login functionality for the Smart Hospital website"]]>
              </value>
            </param>
          </params>
          <reporter-output>
          </reporter-output>
        </test-method> <!-- runScenario -->
        <test-method signature="runScenario(io.cucumber.testng.PickleWrapper,io.cucumber.testng.FeatureWrapper)[pri:0, instance:com.runner.RunnerClass@1bb266b3]" started-at="2025-04-13T00:55:14 IST" name="runScenario" description="Runs Cucumber Scenarios" data-provider="scenarios" finished-at="2025-04-13T00:56:22 IST" duration-ms="67990" status="PASS">
          <params>
            <param index="0">
              <value>
                <![CDATA["Doctor tries to add a new patient without entering the Month"]]>
              </value>
            </param>
            <param index="1">
              <value>
                <![CDATA["Manage Appointments in Smart Hospital"]]>
              </value>
            </param>
          </params>
          <reporter-output>
          </reporter-output>
        </test-method> <!-- runScenario -->
        <test-method signature="runScenario(io.cucumber.testng.PickleWrapper,io.cucumber.testng.FeatureWrapper)[pri:0, instance:com.runner.RunnerClass@1bb266b3]" started-at="2025-04-13T00:55:14 IST" name="runScenario" description="Runs Cucumber Scenarios" data-provider="scenarios" finished-at="2025-04-13T00:56:33 IST" duration-ms="78170" status="PASS">
          <params>
            <param index="0">
              <value>
                <![CDATA["Doctor tries to create an appointment with an expired time slot"]]>
              </value>
            </param>
            <param index="1">
              <value>
                <![CDATA["Manage Appointments in Smart Hospital"]]>
              </value>
            </param>
          </params>
          <reporter-output>
          </reporter-output>
        </test-method> <!-- runScenario -->
        <test-method signature="runScenario(io.cucumber.testng.PickleWrapper,io.cucumber.testng.FeatureWrapper)[pri:0, instance:com.runner.RunnerClass@1bb266b3]" started-at="2025-04-13T00:55:46 IST" name="runScenario" description="Runs Cucumber Scenarios" data-provider="scenarios" finished-at="2025-04-13T00:56:16 IST" duration-ms="29719" status="PASS">
          <params>
            <param index="0">
              <value>
                <![CDATA["Verify the Login with roles"]]>
              </value>
            </param>
            <param index="1">
              <value>
                <![CDATA["Login functionality for the Smart Hospital website"]]>
              </value>
            </param>
          </params>
          <reporter-output>
          </reporter-output>
        </test-method> <!-- runScenario -->
        <test-method signature="runScenario(io.cucumber.testng.PickleWrapper,io.cucumber.testng.FeatureWrapper)[pri:0, instance:com.runner.RunnerClass@1bb266b3]" started-at="2025-04-13T00:55:52 IST" name="runScenario" description="Runs Cucumber Scenarios" data-provider="scenarios" finished-at="2025-04-13T00:56:13 IST" duration-ms="20954" status="PASS">
          <params>
            <param index="0">
              <value>
                <![CDATA["Verify the Login with roles"]]>
              </value>
            </param>
            <param index="1">
              <value>
                <![CDATA["Login functionality for the Smart Hospital website"]]>
              </value>
            </param>
          </params>
          <reporter-output>
          </reporter-output>
        </test-method> <!-- runScenario -->
        <test-method signature="runScenario(io.cucumber.testng.PickleWrapper,io.cucumber.testng.FeatureWrapper)[pri:0, instance:com.runner.RunnerClass@1bb266b3]" started-at="2025-04-13T00:55:54 IST" name="runScenario" description="Runs Cucumber Scenarios" data-provider="scenarios" finished-at="2025-04-13T00:56:02 IST" duration-ms="8414" status="PASS">
          <params>
            <param index="0">
              <value>
                <![CDATA["Attempt to login with missing username"]]>
              </value>
            </param>
            <param index="1">
              <value>
                <![CDATA["Login functionality for the Smart Hospital website"]]>
              </value>
            </param>
          </params>
          <reporter-output>
          </reporter-output>
        </test-method> <!-- runScenario -->
        <test-method signature="runScenario(io.cucumber.testng.PickleWrapper,io.cucumber.testng.FeatureWrapper)[pri:0, instance:com.runner.RunnerClass@1bb266b3]" started-at="2025-04-13T00:56:01 IST" name="runScenario" description="Runs Cucumber Scenarios" data-provider="scenarios" finished-at="2025-04-13T00:56:32 IST" duration-ms="30668" status="PASS">
          <params>
            <param index="0">
              <value>
                <![CDATA["Attempt to login with missing username"]]>
              </value>
            </param>
            <param index="1">
              <value>
                <![CDATA["Login functionality for the Smart Hospital website"]]>
              </value>
            </param>
          </params>
          <reporter-output>
          </reporter-output>
        </test-method> <!-- runScenario -->
        <test-method signature="runScenario(io.cucumber.testng.PickleWrapper,io.cucumber.testng.FeatureWrapper)[pri:0, instance:com.runner.RunnerClass@1bb266b3]" started-at="2025-04-13T00:56:02 IST" name="runScenario" description="Runs Cucumber Scenarios" data-provider="scenarios" finished-at="2025-04-13T00:56:32 IST" duration-ms="30005" status="PASS">
          <params>
            <param index="0">
              <value>
                <![CDATA["Attempt to login with missing username"]]>
              </value>
            </param>
            <param index="1">
              <value>
                <![CDATA["Login functionality for the Smart Hospital website"]]>
              </value>
            </param>
          </params>
          <reporter-output>
          </reporter-output>
        </test-method> <!-- runScenario -->
        <test-method signature="runScenario(io.cucumber.testng.PickleWrapper,io.cucumber.testng.FeatureWrapper)[pri:0, instance:com.runner.RunnerClass@1bb266b3]" started-at="2025-04-13T00:56:13 IST" name="runScenario" description="Runs Cucumber Scenarios" data-provider="scenarios" finished-at="2025-04-13T00:56:32 IST" duration-ms="19193" status="PASS">
          <params>
            <param index="0">
              <value>
                <![CDATA["Attempt to login with missing password"]]>
              </value>
            </param>
            <param index="1">
              <value>
                <![CDATA["Login functionality for the Smart Hospital website"]]>
              </value>
            </param>
          </params>
          <reporter-output>
          </reporter-output>
        </test-method> <!-- runScenario -->
        <test-method signature="runScenario(io.cucumber.testng.PickleWrapper,io.cucumber.testng.FeatureWrapper)[pri:0, instance:com.runner.RunnerClass@1bb266b3]" started-at="2025-04-13T00:56:16 IST" name="runScenario" description="Runs Cucumber Scenarios" data-provider="scenarios" finished-at="2025-04-13T00:56:32 IST" duration-ms="16012" status="PASS">
          <params>
            <param index="0">
              <value>
                <![CDATA["Attempt to login with missing password"]]>
              </value>
            </param>
            <param index="1">
              <value>
                <![CDATA["Login functionality for the Smart Hospital website"]]>
              </value>
            </param>
          </params>
          <reporter-output>
          </reporter-output>
        </test-method> <!-- runScenario -->
        <test-method signature="runScenario(io.cucumber.testng.PickleWrapper,io.cucumber.testng.FeatureWrapper)[pri:0, instance:com.runner.RunnerClass@1bb266b3]" started-at="2025-04-13T00:56:22 IST" name="runScenario" description="Runs Cucumber Scenarios" data-provider="scenarios" finished-at="2025-04-13T00:56:36 IST" duration-ms="14577" status="PASS">
          <params>
            <param index="0">
              <value>
                <![CDATA["Attempt to login with missing password"]]>
              </value>
            </param>
            <param index="1">
              <value>
                <![CDATA["Login functionality for the Smart Hospital website"]]>
              </value>
            </param>
          </params>
          <reporter-output>
          </reporter-output>
        </test-method> <!-- runScenario -->
        <test-method signature="runScenario(io.cucumber.testng.PickleWrapper,io.cucumber.testng.FeatureWrapper)[pri:0, instance:com.runner.RunnerClass@1bb266b3]" started-at="2025-04-13T00:56:22 IST" name="runScenario" description="Runs Cucumber Scenarios" data-provider="scenarios" finished-at="2025-04-13T00:56:35 IST" duration-ms="12432" status="PASS">
          <params>
            <param index="0">
              <value>
                <![CDATA["Attempt to login with missing username and password"]]>
              </value>
            </param>
            <param index="1">
              <value>
                <![CDATA["Login functionality for the Smart Hospital website"]]>
              </value>
            </param>
          </params>
          <reporter-output>
          </reporter-output>
        </test-method> <!-- runScenario -->
        <test-method signature="runScenario(io.cucumber.testng.PickleWrapper,io.cucumber.testng.FeatureWrapper)[pri:0, instance:com.runner.RunnerClass@1bb266b3]" started-at="2025-04-13T00:56:22 IST" name="runScenario" description="Runs Cucumber Scenarios" data-provider="scenarios" finished-at="2025-04-13T00:56:35 IST" duration-ms="12369" status="PASS">
          <params>
            <param index="0">
              <value>
                <![CDATA["Attempt to login with missing username and password"]]>
              </value>
            </param>
            <param index="1">
              <value>
                <![CDATA["Login functionality for the Smart Hospital website"]]>
              </value>
            </param>
          </params>
          <reporter-output>
          </reporter-output>
        </test-method> <!-- runScenario -->
        <test-method signature="runScenario(io.cucumber.testng.PickleWrapper,io.cucumber.testng.FeatureWrapper)[pri:0, instance:com.runner.RunnerClass@1bb266b3]" started-at="2025-04-13T00:56:22 IST" name="runScenario" description="Runs Cucumber Scenarios" data-provider="scenarios" finished-at="2025-04-13T00:56:35 IST" duration-ms="12798" status="PASS">
          <params>
            <param index="0">
              <value>
                <![CDATA["Attempt to login with missing username and password"]]>
              </value>
            </param>
            <param index="1">
              <value>
                <![CDATA["Login functionality for the Smart Hospital website"]]>
              </value>
            </param>
          </params>
          <reporter-output>
          </reporter-output>
        </test-method> <!-- runScenario -->
        <test-method signature="runScenario(io.cucumber.testng.PickleWrapper,io.cucumber.testng.FeatureWrapper)[pri:0, instance:com.runner.RunnerClass@1bb266b3]" started-at="2025-04-13T00:56:32 IST" name="runScenario" description="Runs Cucumber Scenarios" data-provider="scenarios" finished-at="2025-04-13T00:56:41 IST" duration-ms="9450" status="PASS">
          <params>
            <param index="0">
              <value>
                <![CDATA["To check Login as patient"]]>
              </value>
            </param>
            <param index="1">
              <value>
                <![CDATA["Login with the Patient Login Credentials"]]>
              </value>
            </param>
          </params>
          <reporter-output>
          </reporter-output>
        </test-method> <!-- runScenario -->
        <test-method signature="runScenario(io.cucumber.testng.PickleWrapper,io.cucumber.testng.FeatureWrapper)[pri:0, instance:com.runner.RunnerClass@1bb266b3]" started-at="2025-04-13T00:56:32 IST" name="runScenario" description="Runs Cucumber Scenarios" data-provider="scenarios" finished-at="2025-04-13T00:56:54 IST" duration-ms="22148" status="PASS">
          <params>
            <param index="0">
              <value>
                <![CDATA["verify the prescription feature by providing valid informations"]]>
              </value>
            </param>
            <param index="1">
              <value>
                <![CDATA["Doctor add Prescription for the Feature in Smart Hospital"]]>
              </value>
            </param>
          </params>
          <reporter-output>
          </reporter-output>
        </test-method> <!-- runScenario -->
        <test-method is-config="true" signature="tearDownClass()[pri:0, instance:com.runner.RunnerClass@1bb266b3]" started-at="2025-04-13T00:56:54 IST" name="tearDownClass" finished-at="2025-04-13T00:56:54 IST" duration-ms="32" status="PASS">
          <reporter-output>
          </reporter-output>
        </test-method> <!-- tearDownClass -->
      </class> <!-- com.runner.RunnerClass -->
    </test> <!-- Login Tests -->
  </suite> <!-- Smart Hospital Tests -->
</testng-results>
