<?xml version="1.0" encoding="UTF-8"?>
<testng-results ignored="0" total="39" passed="38" failed="1" skipped="0">
  <reporter-output>
  </reporter-output>
  <suite started-at="2025-04-15T21:46:16 IST" name="Suite" finished-at="2025-04-15T21:48:18 IST" duration-ms="122041">
    <groups>
      <group name="cucumber">
        <method signature="AbstractTestNGCucumberTests.runScenario(io.cucumber.testng.PickleWrapper,io.cucumber.testng.FeatureWrapper)[pri:0, instance:com.runner.RunnerClass@1bb266b3]" name="runScenario" class="io.cucumber.testng.AbstractTestNGCucumberTests"/>
      </group> <!-- cucumber -->
    </groups>
    <test started-at="2025-04-15T21:46:16 IST" name="Test" finished-at="2025-04-15T21:48:18 IST" duration-ms="122041">
      <class name="com.runner.RunnerClass">
        <test-method is-config="true" signature="setUpClass(org.testng.ITestContext)[pri:0, instance:com.runner.RunnerClass@1bb266b3]" started-at="2025-04-15T21:46:16 IST" name="setUpClass" finished-at="2025-04-15T21:46:17 IST" duration-ms="690" status="PASS">
          <params>
            <param index="0">
              <value>
                <![CDATA[org.testng.TestRunner@f8908f6]]>
              </value>
            </param>
          </params>
          <reporter-output>
          </reporter-output>
        </test-method> <!-- setUpClass -->
        <test-method signature="runScenario(io.cucumber.testng.PickleWrapper,io.cucumber.testng.FeatureWrapper)[pri:0, instance:com.runner.RunnerClass@1bb266b3]" started-at="2025-04-15T21:46:17 IST" name="runScenario" description="Runs Cucumber Scenarios" data-provider="scenarios" finished-at="2025-04-15T21:46:46 IST" duration-ms="29226" status="PASS">
          <params>
            <param index="0">
              <value>
                <![CDATA["Verify the Login with roles"]]>
              </value>
            </param>
            <param index="1">
              <value>
                <![CDATA["Login functionality for the Smart Hospital website"]]>
              </value>
            </param>
          </params>
          <reporter-output>
          </reporter-output>
        </test-method> <!-- runScenario -->
        <test-method signature="runScenario(io.cucumber.testng.PickleWrapper,io.cucumber.testng.FeatureWrapper)[pri:0, instance:com.runner.RunnerClass@1bb266b3]" started-at="2025-04-15T21:46:17 IST" name="runScenario" description="Runs Cucumber Scenarios" data-provider="scenarios" finished-at="2025-04-15T21:47:12 IST" duration-ms="54633" status="PASS">
          <params>
            <param index="0">
              <value>
                <![CDATA["Doctor creates a new appointment for a new patient"]]>
              </value>
            </param>
            <param index="1">
              <value>
                <![CDATA["Manage Appointments in Smart Hospital"]]>
              </value>
            </param>
          </params>
          <reporter-output>
          </reporter-output>
        </test-method> <!-- runScenario -->
        <test-method signature="runScenario(io.cucumber.testng.PickleWrapper,io.cucumber.testng.FeatureWrapper)[pri:0, instance:com.runner.RunnerClass@1bb266b3]" started-at="2025-04-15T21:46:17 IST" name="runScenario" description="Runs Cucumber Scenarios" data-provider="scenarios" finished-at="2025-04-15T21:47:09 IST" duration-ms="51783" status="PASS">
          <params>
            <param index="0">
              <value>
                <![CDATA["Doctor tries to add a new patient without entering the Month"]]>
              </value>
            </param>
            <param index="1">
              <value>
                <![CDATA["Manage Appointments in Smart Hospital"]]>
              </value>
            </param>
          </params>
          <reporter-output>
          </reporter-output>
        </test-method> <!-- runScenario -->
        <test-method signature="runScenario(io.cucumber.testng.PickleWrapper,io.cucumber.testng.FeatureWrapper)[pri:0, instance:com.runner.RunnerClass@1bb266b3]" started-at="2025-04-15T21:46:17 IST" name="runScenario" description="Runs Cucumber Scenarios" data-provider="scenarios" finished-at="2025-04-15T21:47:08 IST" duration-ms="51320" status="PASS">
          <params>
            <param index="0">
              <value>
                <![CDATA["Doctor tries to create an appointment with an expired time slot"]]>
              </value>
            </param>
            <param index="1">
              <value>
                <![CDATA["Manage Appointments in Smart Hospital"]]>
              </value>
            </param>
          </params>
          <reporter-output>
          </reporter-output>
        </test-method> <!-- runScenario -->
        <test-method signature="runScenario(io.cucumber.testng.PickleWrapper,io.cucumber.testng.FeatureWrapper)[pri:0, instance:com.runner.RunnerClass@1bb266b3]" started-at="2025-04-15T21:46:17 IST" name="runScenario" description="Runs Cucumber Scenarios" data-provider="scenarios" finished-at="2025-04-15T21:47:09 IST" duration-ms="51423" status="PASS">
          <params>
            <param index="0">
              <value>
                <![CDATA["Doctor tries to add a new patient without entering the year"]]>
              </value>
            </param>
            <param index="1">
              <value>
                <![CDATA["Manage Appointments in Smart Hospital"]]>
              </value>
            </param>
          </params>
          <reporter-output>
          </reporter-output>
        </test-method> <!-- runScenario -->
        <test-method signature="runScenario(io.cucumber.testng.PickleWrapper,io.cucumber.testng.FeatureWrapper)[pri:0, instance:com.runner.RunnerClass@1bb266b3]" started-at="2025-04-15T21:46:17 IST" name="runScenario" description="Runs Cucumber Scenarios" data-provider="scenarios" finished-at="2025-04-15T21:47:24 IST" duration-ms="66602" status="PASS">
          <params>
            <param index="0">
              <value>
                <![CDATA["Doctor tries to add a new patient without entering the name"]]>
              </value>
            </param>
            <param index="1">
              <value>
                <![CDATA["Manage Appointments in Smart Hospital"]]>
              </value>
            </param>
          </params>
          <reporter-output>
          </reporter-output>
        </test-method> <!-- runScenario -->
        <test-method signature="runScenario(io.cucumber.testng.PickleWrapper,io.cucumber.testng.FeatureWrapper)[pri:0, instance:com.runner.RunnerClass@1bb266b3]" started-at="2025-04-15T21:46:17 IST" name="runScenario" description="Runs Cucumber Scenarios" data-provider="scenarios" finished-at="2025-04-15T21:47:02 IST" duration-ms="44741" status="PASS">
          <params>
            <param index="0">
              <value>
                <![CDATA["Add New Expense and Verify"]]>
              </value>
            </param>
            <param index="1">
              <value>
                <![CDATA["Accountant Dashboard Functionalities"]]>
              </value>
            </param>
          </params>
          <reporter-output>
          </reporter-output>
        </test-method> <!-- runScenario -->
        <test-method signature="runScenario(io.cucumber.testng.PickleWrapper,io.cucumber.testng.FeatureWrapper)[pri:0, instance:com.runner.RunnerClass@1bb266b3]" started-at="2025-04-15T21:46:17 IST" name="runScenario" description="Runs Cucumber Scenarios" data-provider="scenarios" finished-at="2025-04-15T21:46:46 IST" duration-ms="29024" status="PASS">
          <params>
            <param index="0">
              <value>
                <![CDATA["Add New Expense with Invalid Data"]]>
              </value>
            </param>
            <param index="1">
              <value>
                <![CDATA["Accountant Dashboard Functionalities"]]>
              </value>
            </param>
          </params>
          <reporter-output>
          </reporter-output>
        </test-method> <!-- runScenario -->
        <test-method signature="runScenario(io.cucumber.testng.PickleWrapper,io.cucumber.testng.FeatureWrapper)[pri:0, instance:com.runner.RunnerClass@1bb266b3]" started-at="2025-04-15T21:46:17 IST" name="runScenario" description="Runs Cucumber Scenarios" data-provider="scenarios" finished-at="2025-04-15T21:46:46 IST" duration-ms="28602" status="PASS">
          <params>
            <param index="0">
              <value>
                <![CDATA["Add New Expense with Invalid Data"]]>
              </value>
            </param>
            <param index="1">
              <value>
                <![CDATA["Accountant Dashboard Functionalities"]]>
              </value>
            </param>
          </params>
          <reporter-output>
          </reporter-output>
        </test-method> <!-- runScenario -->
        <test-method signature="runScenario(io.cucumber.testng.PickleWrapper,io.cucumber.testng.FeatureWrapper)[pri:0, instance:com.runner.RunnerClass@1bb266b3]" started-at="2025-04-15T21:46:17 IST" name="runScenario" description="Runs Cucumber Scenarios" data-provider="scenarios" finished-at="2025-04-15T21:47:09 IST" duration-ms="51852" status="PASS">
          <params>
            <param index="0">
              <value>
                <![CDATA["Doctor tries to add a new patient without entering the day"]]>
              </value>
            </param>
            <param index="1">
              <value>
                <![CDATA["Manage Appointments in Smart Hospital"]]>
              </value>
            </param>
          </params>
          <reporter-output>
          </reporter-output>
        </test-method> <!-- runScenario -->
        <test-method signature="runScenario(io.cucumber.testng.PickleWrapper,io.cucumber.testng.FeatureWrapper)[pri:0, instance:com.runner.RunnerClass@1bb266b3]" started-at="2025-04-15T21:46:46 IST" name="runScenario" description="Runs Cucumber Scenarios" data-provider="scenarios" finished-at="2025-04-15T21:47:08 IST" duration-ms="22681" status="PASS">
          <params>
            <param index="0">
              <value>
                <![CDATA["Verify the Login with roles"]]>
              </value>
            </param>
            <param index="1">
              <value>
                <![CDATA["Login functionality for the Smart Hospital website"]]>
              </value>
            </param>
          </params>
          <reporter-output>
          </reporter-output>
        </test-method> <!-- runScenario -->
        <test-method signature="runScenario(io.cucumber.testng.PickleWrapper,io.cucumber.testng.FeatureWrapper)[pri:0, instance:com.runner.RunnerClass@1bb266b3]" started-at="2025-04-15T21:46:46 IST" name="runScenario" description="Runs Cucumber Scenarios" data-provider="scenarios" finished-at="2025-04-15T21:47:08 IST" duration-ms="22091" status="PASS">
          <params>
            <param index="0">
              <value>
                <![CDATA["Verify the Login with roles"]]>
              </value>
            </param>
            <param index="1">
              <value>
                <![CDATA["Login functionality for the Smart Hospital website"]]>
              </value>
            </param>
          </params>
          <reporter-output>
          </reporter-output>
        </test-method> <!-- runScenario -->
        <test-method signature="runScenario(io.cucumber.testng.PickleWrapper,io.cucumber.testng.FeatureWrapper)[pri:0, instance:com.runner.RunnerClass@1bb266b3]" started-at="2025-04-15T21:46:46 IST" name="runScenario" description="Runs Cucumber Scenarios" data-provider="scenarios" finished-at="2025-04-15T21:47:08 IST" duration-ms="21841" status="PASS">
          <params>
            <param index="0">
              <value>
                <![CDATA["Verify the Login with roles"]]>
              </value>
            </param>
            <param index="1">
              <value>
                <![CDATA["Login functionality for the Smart Hospital website"]]>
              </value>
            </param>
          </params>
          <reporter-output>
          </reporter-output>
        </test-method> <!-- runScenario -->
        <test-method signature="runScenario(io.cucumber.testng.PickleWrapper,io.cucumber.testng.FeatureWrapper)[pri:0, instance:com.runner.RunnerClass@1bb266b3]" started-at="2025-04-15T21:47:02 IST" name="runScenario" description="Runs Cucumber Scenarios" data-provider="scenarios" finished-at="2025-04-15T21:47:24 IST" duration-ms="22250" status="PASS">
          <params>
            <param index="0">
              <value>
                <![CDATA["Verify the Login with roles"]]>
              </value>
            </param>
            <param index="1">
              <value>
                <![CDATA["Login functionality for the Smart Hospital website"]]>
              </value>
            </param>
          </params>
          <reporter-output>
          </reporter-output>
        </test-method> <!-- runScenario -->
        <test-method signature="runScenario(io.cucumber.testng.PickleWrapper,io.cucumber.testng.FeatureWrapper)[pri:0, instance:com.runner.RunnerClass@1bb266b3]" started-at="2025-04-15T21:47:08 IST" name="runScenario" description="Runs Cucumber Scenarios" data-provider="scenarios" finished-at="2025-04-15T21:47:39 IST" duration-ms="30958" status="PASS">
          <params>
            <param index="0">
              <value>
                <![CDATA["Verify the Login with roles"]]>
              </value>
            </param>
            <param index="1">
              <value>
                <![CDATA["Login functionality for the Smart Hospital website"]]>
              </value>
            </param>
          </params>
          <reporter-output>
          </reporter-output>
        </test-method> <!-- runScenario -->
        <test-method signature="runScenario(io.cucumber.testng.PickleWrapper,io.cucumber.testng.FeatureWrapper)[pri:0, instance:com.runner.RunnerClass@1bb266b3]" started-at="2025-04-15T21:47:08 IST" name="runScenario" description="Runs Cucumber Scenarios" data-provider="scenarios" finished-at="2025-04-15T21:47:25 IST" duration-ms="16421" status="PASS">
          <params>
            <param index="0">
              <value>
                <![CDATA["Attempt to login with missing username"]]>
              </value>
            </param>
            <param index="1">
              <value>
                <![CDATA["Login functionality for the Smart Hospital website"]]>
              </value>
            </param>
          </params>
          <reporter-output>
          </reporter-output>
        </test-method> <!-- runScenario -->
        <test-method signature="runScenario(io.cucumber.testng.PickleWrapper,io.cucumber.testng.FeatureWrapper)[pri:0, instance:com.runner.RunnerClass@1bb266b3]" started-at="2025-04-15T21:47:08 IST" name="runScenario" description="Runs Cucumber Scenarios" data-provider="scenarios" finished-at="2025-04-15T21:47:25 IST" duration-ms="16575" status="PASS">
          <params>
            <param index="0">
              <value>
                <![CDATA["Attempt to login with missing username"]]>
              </value>
            </param>
            <param index="1">
              <value>
                <![CDATA["Login functionality for the Smart Hospital website"]]>
              </value>
            </param>
          </params>
          <reporter-output>
          </reporter-output>
        </test-method> <!-- runScenario -->
        <test-method signature="runScenario(io.cucumber.testng.PickleWrapper,io.cucumber.testng.FeatureWrapper)[pri:0, instance:com.runner.RunnerClass@1bb266b3]" started-at="2025-04-15T21:47:08 IST" name="runScenario" description="Runs Cucumber Scenarios" data-provider="scenarios" finished-at="2025-04-15T21:47:25 IST" duration-ms="16555" status="PASS">
          <params>
            <param index="0">
              <value>
                <![CDATA["Attempt to login with missing username"]]>
              </value>
            </param>
            <param index="1">
              <value>
                <![CDATA["Login functionality for the Smart Hospital website"]]>
              </value>
            </param>
          </params>
          <reporter-output>
          </reporter-output>
        </test-method> <!-- runScenario -->
        <test-method signature="runScenario(io.cucumber.testng.PickleWrapper,io.cucumber.testng.FeatureWrapper)[pri:0, instance:com.runner.RunnerClass@1bb266b3]" started-at="2025-04-15T21:47:09 IST" name="runScenario" description="Runs Cucumber Scenarios" data-provider="scenarios" finished-at="2025-04-15T21:47:36 IST" duration-ms="27916" status="PASS">
          <params>
            <param index="0">
              <value>
                <![CDATA["Attempt to login with missing password"]]>
              </value>
            </param>
            <param index="1">
              <value>
                <![CDATA["Login functionality for the Smart Hospital website"]]>
              </value>
            </param>
          </params>
          <reporter-output>
          </reporter-output>
        </test-method> <!-- runScenario -->
        <test-method signature="runScenario(io.cucumber.testng.PickleWrapper,io.cucumber.testng.FeatureWrapper)[pri:0, instance:com.runner.RunnerClass@1bb266b3]" started-at="2025-04-15T21:47:09 IST" name="runScenario" description="Runs Cucumber Scenarios" data-provider="scenarios" finished-at="2025-04-15T21:47:24 IST" duration-ms="15116" status="PASS">
          <params>
            <param index="0">
              <value>
                <![CDATA["Attempt to login with missing password"]]>
              </value>
            </param>
            <param index="1">
              <value>
                <![CDATA["Login functionality for the Smart Hospital website"]]>
              </value>
            </param>
          </params>
          <reporter-output>
          </reporter-output>
        </test-method> <!-- runScenario -->
        <test-method signature="runScenario(io.cucumber.testng.PickleWrapper,io.cucumber.testng.FeatureWrapper)[pri:0, instance:com.runner.RunnerClass@1bb266b3]" started-at="2025-04-15T21:47:09 IST" name="runScenario" description="Runs Cucumber Scenarios" data-provider="scenarios" finished-at="2025-04-15T21:47:24 IST" duration-ms="15138" status="PASS">
          <params>
            <param index="0">
              <value>
                <![CDATA["Attempt to login with missing password"]]>
              </value>
            </param>
            <param index="1">
              <value>
                <![CDATA["Login functionality for the Smart Hospital website"]]>
              </value>
            </param>
          </params>
          <reporter-output>
          </reporter-output>
        </test-method> <!-- runScenario -->
        <test-method signature="runScenario(io.cucumber.testng.PickleWrapper,io.cucumber.testng.FeatureWrapper)[pri:0, instance:com.runner.RunnerClass@1bb266b3]" started-at="2025-04-15T21:47:12 IST" name="runScenario" description="Runs Cucumber Scenarios" data-provider="scenarios" finished-at="2025-04-15T21:47:25 IST" duration-ms="13255" status="PASS">
          <params>
            <param index="0">
              <value>
                <![CDATA["Attempt to login with missing username and password"]]>
              </value>
            </param>
            <param index="1">
              <value>
                <![CDATA["Login functionality for the Smart Hospital website"]]>
              </value>
            </param>
          </params>
          <reporter-output>
          </reporter-output>
        </test-method> <!-- runScenario -->
        <test-method signature="runScenario(io.cucumber.testng.PickleWrapper,io.cucumber.testng.FeatureWrapper)[pri:0, instance:com.runner.RunnerClass@1bb266b3]" started-at="2025-04-15T21:47:24 IST" name="runScenario" description="Runs Cucumber Scenarios" data-provider="scenarios" finished-at="2025-04-15T21:47:50 IST" duration-ms="25827" status="PASS">
          <params>
            <param index="0">
              <value>
                <![CDATA["Attempt to login with missing username and password"]]>
              </value>
            </param>
            <param index="1">
              <value>
                <![CDATA["Login functionality for the Smart Hospital website"]]>
              </value>
            </param>
          </params>
          <reporter-output>
          </reporter-output>
        </test-method> <!-- runScenario -->
        <test-method signature="runScenario(io.cucumber.testng.PickleWrapper,io.cucumber.testng.FeatureWrapper)[pri:0, instance:com.runner.RunnerClass@1bb266b3]" started-at="2025-04-15T21:47:24 IST" name="runScenario" description="Runs Cucumber Scenarios" data-provider="scenarios" finished-at="2025-04-15T21:47:46 IST" duration-ms="21993" status="PASS">
          <params>
            <param index="0">
              <value>
                <![CDATA["Attempt to login with missing username and password"]]>
              </value>
            </param>
            <param index="1">
              <value>
                <![CDATA["Login functionality for the Smart Hospital website"]]>
              </value>
            </param>
          </params>
          <reporter-output>
          </reporter-output>
        </test-method> <!-- runScenario -->
        <test-method signature="runScenario(io.cucumber.testng.PickleWrapper,io.cucumber.testng.FeatureWrapper)[pri:0, instance:com.runner.RunnerClass@1bb266b3]" started-at="2025-04-15T21:47:24 IST" name="runScenario" description="Runs Cucumber Scenarios" data-provider="scenarios" finished-at="2025-04-15T21:47:48 IST" duration-ms="24132" status="FAIL">
          <params>
            <param index="0">
              <value>
                <![CDATA["Appointment booking for patient"]]>
              </value>
            </param>
            <param index="1">
              <value>
                <![CDATA["Booking appointment using patient Login"]]>
              </value>
            </param>
          </params>
          <exception class="java.lang.IllegalArgumentException">
            <message>
              <![CDATA[Keys to send should be a not null CharSequence]]>
            </message>
            <full-stacktrace>
              <![CDATA[java.lang.IllegalArgumentException: Keys to send should be a not null CharSequence
at org.openqa.selenium.remote.RemoteWebElement.sendKeys(RemoteWebElement.java:96)
at java.base/jdk.internal.reflect.DirectMethodHandleAccessor.invoke(DirectMethodHandleAccessor.java:103)
at java.base/java.lang.reflect.Method.invoke(Method.java:580)
at org.openqa.selenium.support.pagefactory.internal.LocatingElementHandler.invoke(LocatingElementHandler.java:51)
at jdk.proxy2/jdk.proxy2.$Proxy27.sendKeys(Unknown Source)
at com.actions.PatientActions.AppointmentDetails(PatientActions.java:155)
at com.definitions.PatientDefinition.the_user_can_fill_the_appointment_form(PatientDefinition.java:120)
at ✽.the User can fill the appointment form(file:///C:/Users/gayat/git/Smart_Hospital_Cucumber/SmartHospitals_Cucumber/src/test/resources/Features/PatientAppointment.feature:12)
]]>
            </full-stacktrace>
          </exception> <!-- java.lang.IllegalArgumentException -->
          <reporter-output>
          </reporter-output>
        </test-method> <!-- runScenario -->
        <test-method signature="runScenario(io.cucumber.testng.PickleWrapper,io.cucumber.testng.FeatureWrapper)[pri:0, instance:com.runner.RunnerClass@1bb266b3]" started-at="2025-04-15T21:47:24 IST" name="runScenario" description="Runs Cucumber Scenarios" data-provider="scenarios" finished-at="2025-04-15T21:48:12 IST" duration-ms="48091" status="PASS">
          <params>
            <param index="0">
              <value>
                <![CDATA["Patient booking with date as empty field"]]>
              </value>
            </param>
            <param index="1">
              <value>
                <![CDATA["Booking appointment using patient Login"]]>
              </value>
            </param>
          </params>
          <reporter-output>
          </reporter-output>
        </test-method> <!-- runScenario -->
        <test-method signature="runScenario(io.cucumber.testng.PickleWrapper,io.cucumber.testng.FeatureWrapper)[pri:0, instance:com.runner.RunnerClass@1bb266b3]" started-at="2025-04-15T21:47:25 IST" name="runScenario" description="Runs Cucumber Scenarios" data-provider="scenarios" finished-at="2025-04-15T21:48:01 IST" duration-ms="36686" status="PASS">
          <params>
            <param index="0">
              <value>
                <![CDATA["Patient booking with specialist as empty field"]]>
              </value>
            </param>
            <param index="1">
              <value>
                <![CDATA["Booking appointment using patient Login"]]>
              </value>
            </param>
          </params>
          <reporter-output>
          </reporter-output>
        </test-method> <!-- runScenario -->
        <test-method signature="runScenario(io.cucumber.testng.PickleWrapper,io.cucumber.testng.FeatureWrapper)[pri:0, instance:com.runner.RunnerClass@1bb266b3]" started-at="2025-04-15T21:47:25 IST" name="runScenario" description="Runs Cucumber Scenarios" data-provider="scenarios" finished-at="2025-04-15T21:47:45 IST" duration-ms="19966" status="PASS">
          <params>
            <param index="0">
              <value>
                <![CDATA["To check Login as patient"]]>
              </value>
            </param>
            <param index="1">
              <value>
                <![CDATA["Login with the Patient Login Credentials"]]>
              </value>
            </param>
          </params>
          <reporter-output>
          </reporter-output>
        </test-method> <!-- runScenario -->
        <test-method signature="runScenario(io.cucumber.testng.PickleWrapper,io.cucumber.testng.FeatureWrapper)[pri:0, instance:com.runner.RunnerClass@1bb266b3]" started-at="2025-04-15T21:47:25 IST" name="runScenario" description="Runs Cucumber Scenarios" data-provider="scenarios" finished-at="2025-04-15T21:47:45 IST" duration-ms="20105" status="PASS">
          <params>
            <param index="0">
              <value>
                <![CDATA["To check with Invalid username for patient"]]>
              </value>
            </param>
            <param index="1">
              <value>
                <![CDATA["Login with the Patient Login Credentials"]]>
              </value>
            </param>
          </params>
          <reporter-output>
          </reporter-output>
        </test-method> <!-- runScenario -->
        <test-method signature="runScenario(io.cucumber.testng.PickleWrapper,io.cucumber.testng.FeatureWrapper)[pri:0, instance:com.runner.RunnerClass@1bb266b3]" started-at="2025-04-15T21:47:25 IST" name="runScenario" description="Runs Cucumber Scenarios" data-provider="scenarios" finished-at="2025-04-15T21:47:46 IST" duration-ms="20499" status="PASS">
          <params>
            <param index="0">
              <value>
                <![CDATA["To check with Invalid password for patient"]]>
              </value>
            </param>
            <param index="1">
              <value>
                <![CDATA["Login with the Patient Login Credentials"]]>
              </value>
            </param>
          </params>
          <reporter-output>
          </reporter-output>
        </test-method> <!-- runScenario -->
        <test-method signature="runScenario(io.cucumber.testng.PickleWrapper,io.cucumber.testng.FeatureWrapper)[pri:0, instance:com.runner.RunnerClass@1bb266b3]" started-at="2025-04-15T21:47:36 IST" name="runScenario" description="Runs Cucumber Scenarios" data-provider="scenarios" finished-at="2025-04-15T21:48:12 IST" duration-ms="35653" status="PASS">
          <params>
            <param index="0">
              <value>
                <![CDATA["Doctor tries to submit prescription with missing fields"]]>
              </value>
            </param>
            <param index="1">
              <value>
                <![CDATA["Doctor add Prescription for the Feature in Smart Hospital"]]>
              </value>
            </param>
          </params>
          <reporter-output>
          </reporter-output>
        </test-method> <!-- runScenario -->
        <test-method signature="runScenario(io.cucumber.testng.PickleWrapper,io.cucumber.testng.FeatureWrapper)[pri:0, instance:com.runner.RunnerClass@1bb266b3]" started-at="2025-04-15T21:47:39 IST" name="runScenario" description="Runs Cucumber Scenarios" data-provider="scenarios" finished-at="2025-04-15T21:48:13 IST" duration-ms="33823" status="PASS">
          <params>
            <param index="0">
              <value>
                <![CDATA["Doctor tries to submit prescription with missing fields"]]>
              </value>
            </param>
            <param index="1">
              <value>
                <![CDATA["Doctor add Prescription for the Feature in Smart Hospital"]]>
              </value>
            </param>
          </params>
          <reporter-output>
          </reporter-output>
        </test-method> <!-- runScenario -->
        <test-method signature="runScenario(io.cucumber.testng.PickleWrapper,io.cucumber.testng.FeatureWrapper)[pri:0, instance:com.runner.RunnerClass@1bb266b3]" started-at="2025-04-15T21:47:45 IST" name="runScenario" description="Runs Cucumber Scenarios" data-provider="scenarios" finished-at="2025-04-15T21:48:17 IST" duration-ms="31616" status="PASS">
          <params>
            <param index="0">
              <value>
                <![CDATA["Doctor tries to submit prescription with missing fields"]]>
              </value>
            </param>
            <param index="1">
              <value>
                <![CDATA["Doctor add Prescription for the Feature in Smart Hospital"]]>
              </value>
            </param>
          </params>
          <reporter-output>
          </reporter-output>
        </test-method> <!-- runScenario -->
        <test-method signature="runScenario(io.cucumber.testng.PickleWrapper,io.cucumber.testng.FeatureWrapper)[pri:0, instance:com.runner.RunnerClass@1bb266b3]" started-at="2025-04-15T21:47:45 IST" name="runScenario" description="Runs Cucumber Scenarios" data-provider="scenarios" finished-at="2025-04-15T21:48:17 IST" duration-ms="31871" status="PASS">
          <params>
            <param index="0">
              <value>
                <![CDATA["Doctor tries to submit prescription with missing fields"]]>
              </value>
            </param>
            <param index="1">
              <value>
                <![CDATA["Doctor add Prescription for the Feature in Smart Hospital"]]>
              </value>
            </param>
          </params>
          <reporter-output>
          </reporter-output>
        </test-method> <!-- runScenario -->
        <test-method signature="runScenario(io.cucumber.testng.PickleWrapper,io.cucumber.testng.FeatureWrapper)[pri:0, instance:com.runner.RunnerClass@1bb266b3]" started-at="2025-04-15T21:47:46 IST" name="runScenario" description="Runs Cucumber Scenarios" data-provider="scenarios" finished-at="2025-04-15T21:48:15 IST" duration-ms="29562" status="PASS">
          <params>
            <param index="0">
              <value>
                <![CDATA["verify the prescription feature by providing valid informations"]]>
              </value>
            </param>
            <param index="1">
              <value>
                <![CDATA["Doctor add Prescription for the Feature in Smart Hospital"]]>
              </value>
            </param>
          </params>
          <reporter-output>
          </reporter-output>
        </test-method> <!-- runScenario -->
        <test-method signature="runScenario(io.cucumber.testng.PickleWrapper,io.cucumber.testng.FeatureWrapper)[pri:0, instance:com.runner.RunnerClass@1bb266b3]" started-at="2025-04-15T21:47:46 IST" name="runScenario" description="Runs Cucumber Scenarios" data-provider="scenarios" finished-at="2025-04-15T21:48:17 IST" duration-ms="30949" status="PASS">
          <params>
            <param index="0">
              <value>
                <![CDATA["Verify the added prescription is visible in the OPD section"]]>
              </value>
            </param>
            <param index="1">
              <value>
                <![CDATA["Doctor add Prescription for the Feature in Smart Hospital"]]>
              </value>
            </param>
          </params>
          <reporter-output>
          </reporter-output>
        </test-method> <!-- runScenario -->
        <test-method signature="runScenario(io.cucumber.testng.PickleWrapper,io.cucumber.testng.FeatureWrapper)[pri:0, instance:com.runner.RunnerClass@1bb266b3]" started-at="2025-04-15T21:47:48 IST" name="runScenario" description="Runs Cucumber Scenarios" data-provider="scenarios" finished-at="2025-04-15T21:48:14 IST" duration-ms="25645" status="PASS">
          <params>
            <param index="0">
              <value>
                <![CDATA["Verify the added patient can be deleted in OPD section"]]>
              </value>
            </param>
            <param index="1">
              <value>
                <![CDATA["Doctor add Prescription for the Feature in Smart Hospital"]]>
              </value>
            </param>
          </params>
          <reporter-output>
          </reporter-output>
        </test-method> <!-- runScenario -->
        <test-method signature="runScenario(io.cucumber.testng.PickleWrapper,io.cucumber.testng.FeatureWrapper)[pri:0, instance:com.runner.RunnerClass@1bb266b3]" started-at="2025-04-15T21:47:50 IST" name="runScenario" description="Runs Cucumber Scenarios" data-provider="scenarios" finished-at="2025-04-15T21:48:16 IST" duration-ms="26737" status="PASS">
          <params>
            <param index="0">
              <value>
                <![CDATA["Verify the Search of patient"]]>
              </value>
            </param>
            <param index="1">
              <value>
                <![CDATA["Search Patient by Name In Smart Hospital"]]>
              </value>
            </param>
          </params>
          <reporter-output>
          </reporter-output>
        </test-method> <!-- runScenario -->
        <test-method signature="runScenario(io.cucumber.testng.PickleWrapper,io.cucumber.testng.FeatureWrapper)[pri:0, instance:com.runner.RunnerClass@1bb266b3]" started-at="2025-04-15T21:48:01 IST" name="runScenario" description="Runs Cucumber Scenarios" data-provider="scenarios" finished-at="2025-04-15T21:48:18 IST" duration-ms="16774" status="PASS">
          <params>
            <param index="0">
              <value>
                <![CDATA["Verify the Search of patient"]]>
              </value>
            </param>
            <param index="1">
              <value>
                <![CDATA["Search Patient by Name In Smart Hospital"]]>
              </value>
            </param>
          </params>
          <reporter-output>
          </reporter-output>
        </test-method> <!-- runScenario -->
        <test-method is-config="true" signature="tearDownClass()[pri:0, instance:com.runner.RunnerClass@1bb266b3]" started-at="2025-04-15T21:48:18 IST" name="tearDownClass" finished-at="2025-04-15T21:48:18 IST" duration-ms="275" status="PASS">
          <reporter-output>
          </reporter-output>
        </test-method> <!-- tearDownClass -->
      </class> <!-- com.runner.RunnerClass -->
    </test> <!-- Test -->
  </suite> <!-- Suite -->
</testng-results>
