<?xml version="1.0" encoding="UTF-8"?>
<testng-results ignored="0" total="1" passed="0" failed="1" skipped="0">
  <reporter-output>
  </reporter-output>
  <suite started-at="2025-04-29T23:14:01 IST" name="Default suite" finished-at="2025-04-29T23:14:13 IST" duration-ms="12595">
    <groups>
      <group name="cucumber">
        <method signature="AbstractTestNGCucumberTests.runScenario(io.cucumber.testng.PickleWrapper,io.cucumber.testng.FeatureWrapper)[pri:0, instance:com.runner.RunnerClass@68e965f5]" name="runScenario" class="io.cucumber.testng.AbstractTestNGCucumberTests"/>
      </group> <!-- cucumber -->
    </groups>
    <test started-at="2025-04-29T23:14:01 IST" name="Default test" finished-at="2025-04-29T23:14:13 IST" duration-ms="12595">
      <class name="com.runner.RunnerClass">
        <test-method is-config="true" signature="setUpClass(org.testng.ITestContext)[pri:0, instance:com.runner.RunnerClass@68e965f5]" started-at="2025-04-29T23:14:01 IST" name="setUpClass" finished-at="2025-04-29T23:14:01 IST" duration-ms="401" status="PASS">
          <params>
            <param index="0">
              <value>
                <![CDATA[org.testng.TestRunner@25a7fedf]]>
              </value>
            </param>
          </params>
          <reporter-output>
          </reporter-output>
        </test-method> <!-- setUpClass -->
        <test-method signature="runScenario(io.cucumber.testng.PickleWrapper,io.cucumber.testng.FeatureWrapper)[pri:0, instance:com.runner.RunnerClass@68e965f5]" started-at="2025-04-29T23:14:01 IST" name="runScenario" description="Runs Cucumber Scenarios" data-provider="scenarios" finished-at="2025-04-29T23:14:12 IST" duration-ms="10847" status="FAIL">
          <params>
            <param index="0">
              <value>
                <![CDATA["Downloading the Last Week's Transaction Report"]]>
              </value>
            </param>
            <param index="1">
              <value>
                <![CDATA["Downloading Transaction Report as PDF for Accountant"]]>
              </value>
            </param>
          </params>
          <exception class="java.lang.AssertionError">
            <message>
              <![CDATA[No files found in the download directory]]>
            </message>
            <full-stacktrace>
              <![CDATA[java.lang.AssertionError: No files found in the download directory
at com.actions.TransactionReportDownloadAction.verifyPdfDownload(TransactionReportDownloadAction.java:77)
at com.definitions.TransactionReportDownloadDefinition.the_pdf_file_should_be_downloaded_to_the_specified_path(TransactionReportDownloadDefinition.java:70)
at ✽.the PDF file should be downloaded to the specified path(file:///D:/eclipse1/Smart_Hospital_Cucumber/SmartHospitals_Cucumber/src/test/resources/Features/transactionReportDownlode.feature:14)
]]>
            </full-stacktrace>
          </exception> <!-- java.lang.AssertionError -->
          <reporter-output>
          </reporter-output>
        </test-method> <!-- runScenario -->
        <test-method is-config="true" signature="tearDownClass()[pri:0, instance:com.runner.RunnerClass@68e965f5]" started-at="2025-04-29T23:14:12 IST" name="tearDownClass" finished-at="2025-04-29T23:14:13 IST" duration-ms="1311" status="PASS">
          <reporter-output>
          </reporter-output>
        </test-method> <!-- tearDownClass -->
      </class> <!-- com.runner.RunnerClass -->
    </test> <!-- Default test -->
  </suite> <!-- Default suite -->
</testng-results>
